node   1  (   0,    0) (   5,    3) (   9,    4) (   6,    3) (   4,    5) (   3,    5) (   4,    2) (   3,    4) (   4,    3) (   4,    3)
          (   4,    3) (   3,    3) (   4,    5) (   4,    4) (   3,    5) (   4,    3) (   3,    4) (   4,    3) (   4,    3) (   4,    3)
          (   3,    3) (   4,    5) (   4,    4) (   3,    5) (   4,    3) (   3,    4) (   4,    3) (   4,    3) (   4,    3) (   3,    3)
          (   4,    5) (   4,    4) (   3,    5) (   4,    3) (   3,    4) (   4,    3) (   4,    3) (   4,    3) (   3,    3) (   4,    5)
          (   4,    4) (   3,    5) (   4,    3) (   3,    4) (   4,    3) (   4,    3) (   4,    3) (   3,    3) (   4,    5) (   4,    4)
          (   3,    5) (   4,    3) (   3,    4) (   4,    3) (   4,    3) (   4,    3) (   3,    3) (   4,    5) (   4,    4) (   3,    5)
          (   4,    3) (   3,    4) (   4,    3) (   4,    3) (   4,    3) (   3,    3) (   4,    5) (   4,    4) (   3,    5) (   4,    3)
          (   3,    4) (   4,    3) (   4,    3) (   4,    3) (   3,    3) (   4,    5) (   4,    4) (   3,    5) (   4,    3) (   3,    4)
          (   4,    3) (   4,    3) (   4,    3) (   3,    3) (   4,    5) (   4,    4) (   3,    5) (   4,    3) (   3,    4) (   4,    3)
          (   4,    3) (   4,    3) (   3,    3) (   4,    5) (   4,    4) (   3,    5) (   4,    3) (   3,    4) (   4,    3) (   4,    3)
          (   4,    3) (   3,    3) (   4,    1) (   4,    1) (   3,    2) (   4,    0) (   3,    0) (   4,    0) (   4,    0) (   4,    0)
          (   3,    0) (   4,    1) (   4,    1) (   3,    2) (   4,    0) (   3,    0) (   4,    0) (   4,    0) (   4,    0) (   3,    0)
          (   4,    1) (   4,    1) (   3,    2) (   4,    0) (   3,    0) (   4,    0) (   3,    0) (   3,    2) (   3,    3) (   3,    3)
          (   3,    3) (   3,    3) (   3,    3) (   3,    4) (   3,    3) (   3,    3) (   3,    3) (   3,    4) (   3,    3) (   3,    3)
          (   3,    3) (   3,    4) (   3,    3) (   3,    3) (   3,    3) (   3,    3) (   3,    3) (   3,    3) (   3,    3) (   3,    3)
          (   3,    3) (   3,    3) (   3,    3) (   3,    3) (   3,    3) (   3,    3) (   3,    3) (   3,    3) (   3,    3) (   3,    3)
          (   3,    3) (   3,    3) (   3,    3) (   3,    3) (   3,    3) (   3,    3) (   3,    3) (   3,    3) (   3,    3) (   3,    3)
          (   3,    3) (   3,    3) (   3,    3) (   3,    3) (   3,    3) (   3,    3) (   3,    3) (   3,    3) (   3,    3) (   3,    3)
          (   3,    3) (   3,    3) (   3,    3) (   3,    3) (   3,    3) (   3,    3) (   3,    3) (   3,    3) (   3,    3) (   3,    3)
          (   3,    3) (   3,    3) (   3,    3) (   3,    3) (   3,    3) (   3,    3) (   3,    3) (   3,    3) (   3,    3) (   3,    3)
          (   3,    3) (   3,    3) (   3,    3) (   3,    3) (   3,    3) (   3,    3) (   3,    3) (   3,    3) (   3,    3) (   3,    3)
          (   3,    3) (   3,    3) (   3,    3) (   3,    3) (   3,    3) (   3,    3) (   3,    3) (   3,    3) (   3,    3) (   3,    3)
          (   3,    3) (   3,    3) (   3,    3) (   3,    3) (   3,    3) (   3,    3) (   3,    3) (   3,    3) (   3,    3) (   3,    3)
          (   3,    3) (   3,    3) (   3,    3) (   3,    3) (   3,    3) (   3,    3) (   3,    3) (   3,    3) (   3,    3) (   3,    3)
          (   3,    3) (   3,    3) (   3,    3) (   3,    3) (   3,    3) (   3,    3) (   3,    3) (   3,    3) (   3,    3) (   3,    3)
          (   3,    3) (   3,    3) (   3,    3) (   3,    3) (   3,    3) (   3,    3) (   3,    3) (   3,    3) (   3,    3) (   3,    3)
          (   3,    3) (   3,    3) (   3,    3) (   3,    3) (   3,    3) (   3,    3) (   3,    3) (   3,    3) (   3,    3) (   3,    3)
          (   3,    3) (   3,    3) (   3,    3) (   3,    3) (   3,    3) (   3,    3) (   3,    3) (   3,    3) (   3,    3) (   3,    3)
          (   3,    3) (   3,    3) (   3,    3) (   3,    3) (   3,    3) (   3,    3) (   3,    3) (   3,    3) (   3,    3) (   3,    3)
          (   3,    3) (   3,    3) (   3,    3) (   3,    3) (   3,    3) (   3,    3) (   3,    3) (   3,    3) (   3,    3) (   3,    3)
          (   3,    3) (   3,    3) (   3,    3) (   3,    3) (   3,    3) (   3,    3) (   3,    3) (   3,    3) (   3,    3) (   3,    3)
          (   3,    3) (   3,    3) (   3,    3) (   3,    3) (   3,    3) (   3,    3) (   3,    3) (   3,    3) (   3,    3) (   3,    3)
          (   3,    3) (   3,    3) (   3,    3) (   3,    3) (   3,    3) (   3,    3) (   3,    3) (   3,    3) (   3,    3) (   3,    3)
          (   3,    3) (   3,    3) (   3,    3) (   3,    3) (   3,    3) (   3,    3) (   3,    3) (   3,    3) (   3,    3) (   3,    3)
          (   3,    3) (   3,    3) (   3,    3) (   3,    3) (   3,    3) (   3,    3) (   3,    3) (   3,    3) (   3,    3) (   3,    3)
          (   3,    3) (   3,    3) (   3,    3) (   3,    3) (   3,    3) (   3,    3) (   3,    3) (   3,    3) (   3,    3) (   3,    3)
          (   3,    3) (   3,    3) (   3,    3) (   3,    3) (   3,    3) (   3,    3) (   3,    3) (   3,    3) (   3,    3) (   3,    3)
          (   3,    3) (   3,    3) (   3,    3) (   3,    3) (   3,    3) (   3,    3) (   3,    3) (   3,    3) (   3,    3) (   3,    3)
          (   3,    3) (   3,    3) (   3,    3) (   3,    3) (   3,    3) (   3,    3) (   3,    3) (   3,    3) (   3,    3) (   3,    3)
          (   3,    3) (   3,    3) (   3,    3) (   3,    3) (   3,    3) (   3,    3) (   3,    3) (   3,    3) (   3,    3) (   3,    3)
          (   3,    3) (   3,    3) (   3,    3) (   3,    3) (   3,    3) (   3,    3) (   3,    3) (   3,    3) (   3,    3) (   3,    3)
          (   3,    3) (   3,    3) (   3,    3) (   3,    3) (   3,    3) (   3,    3) (   3,    3) (   3,    3) (   3,    3) (   3,    3)
          (   3,    3) (   3,    3) (   3,    3) (   3,    3) (   3,    3) (   3,    3) (   3,    3) (   3,    3) (   3,    3) (   3,    3)
          (   3,    3) (   3,    3) (   3,    3) (   3,    3) (   3,    3) (   3,    3) (   3,    3) (   3,    3) (   3,    3) (   3,    3)
          (   3,    3) (   3,    3) (   3,    3) (   3,    3) (   3,    3) (   3,    3) (   3,    3) (   3,    3) (   3,    3) (   3,    3)
          (   3,    3) (   3,    3) (   3,    3) (   3,    3) (   3,    3) (   3,    3) (   3,    3) (   3,    3) (   3,    3) (   3,    3)
          (   3,    3) (   3,    3) (   3,    3) (   3,    3) (   3,    3) (   3,    3) (   3,    3) (   3,    3) (   3,    3) (   3,    3)
          (   3,    3) (   3,    3) (   3,    3) (   3,    3) (   3,    3) (   3,    3) (   3,    3) (   3,    3) (   3,    3) (   3,    3)
          (   3,    3) (   3,    3) (   3,    3) (   3,    3) (   3,    3) (   3,    3) (   3,    3) (   3,    3) (   3,    3) (   3,    3)
          (   3,    3) (   3,    3) (   3,    3) (   3,    3) (   3,    3) (   3,    3) (   3,    3) (   3,    3) (   3,    3) (   3,    3)
          (   3,    3) (   3,    3) (   3,    3) (   3,    3) (   3,    3) (   3,    3) (   3,    3) (   3,    3) (   3,    3) (   3,    3)
          (   3,    3) (   3,    3) (   3,    3) (   3,    3) (   3,    3) (   3,    3) (   3,    3) (   3,    3) (   3,    3) (   3,    3)
          (   3,    3) (   3,    3) (   3,    3) (   3,    3) (   3,    3) (   3,    3) (   3,    3) (   3,    3) (   3,    3) (   3,    3)
          (   3,    3) (   3,    3) (   3,    3) (   3,    3) (   3,    3) (   3,    3) (   3,    3) (   3,    3) (   3,    3) (   3,    3)
          (   3,    3) (   3,    3) (   3,    3) (   3,    3) (   3,    3) (   3,    3) (   3,    3) (   3,    3) (   3,    3) (   3,    3)
          (   3,    3) (   3,    3) (   3,    3) (   3,    3) (   3,    3) (   3,    3) (   3,    3) (   3,    3) (   3,    3) (   3,    3)
          (   3,    3) (   3,    3) (   3,    3) (   3,    3) (   3,    3) (   3,    3) (   3,    3) (   3,    3) (   3,    3) (   3,    3)
          (   3,    3) (   3,    3) (   3,    3) (   3,    3) (   3,    3) (   3,    3) (   3,    3) (   3,    3) (   3,    3) (   3,    3)
          (   3,    3) (   3,    3) (   3,    3) (   3,    3) (   3,    3) (   3,    3) (   3,    3) (   3,    3) (   3,    3) (   3,    3)
          (   3,    3) (   3,    3) (   3,    3) (   3,    3) (   3,    3) (   3,    3) (   3,    3) (   3,    3) (   3,    3) (   3,    3)
          (   3,    3) (   3,    3) (   3,    3) (   3,    3) (   3,    3) (   3,    3) (   3,    3) (   3,    3) (   3,    3) (   3,    3)
          (   3,    3) (   3,    3) (   3,    3) (   3,    3) (   3,    3) (   3,    3) (   3,    3) (   3,    3) (   3,    3) (   3,    3)
          (   3,    3) (   3,    3) (   3,    3) (   3,    3) (   3,    3) (   3,    3) (   3,    3) (   3,    3) (   3,    3) (   3,    3)
          (   3,    3) (   3,    3) (   3,    3) (   3,    3) (   3,    3) (   3,    3) (   3,    3) (   3,    3) (   3,    3) (   3,    3)
          (   3,    3) (   3,    3) (   3,    3) (   3,    3) (   3,    3) (   3,    3) (   3,    3) (   3,    3) (   3,    3) (   3,    3)
          (   3,    3) (   3,    3) (   3,    3) (   3,    3) (   3,    3) (   3,    3) (   3,    3) (   3,    3) (   3,    3) (   3,    3)
          (   3,    3) (   3,    3) (   3,    3) (   3,    3) (   3,    3) (   3,    3) (   3,    3) (   3,    3) (   3,    3) (   3,    3)
          (   3,    3) (   3,    3) (   3,    3) (   3,    3) (   3,    3) (   3,    3) (   3,    3) (   3,    3) (   3,    3) (   3,    3)
          (   3,    3) (   3,    3) (   3,    3) (   3,    3) (   3,    3) (   3,    3) (   3,    3) (   3,    3) (   3,    3) (   3,    3)
          (   3,    3) (   3,    3) (   3,    3) (   3,    3) (   3,    3) (   3,    3) (   3,    3) (   3,    3) (   3,    3) (   3,    3)
         
node   1 sent_total   2189  recv_total   2101

node   2  (   1,    0) (   0,    0) (   2,    2) (   2,    2) (   4,    4) (   4,    2) (   3,    2) (   4,    1) (   3,    1) (   4,    1)
          (   4,    0) (   4,    1) (   3,    2) (   4,    4) (   4,    2) (   3,    0) (   4,    0) (   3,    0) (   4,    0) (   4,    0)
          (   4,    1) (   3,    2) (   4,    4) (   4,    2) (   3,    0) (   4,    0) (   3,    0) (   4,    0) (   4,    0) (   4,    1)
          (   3,    2) (   4,    4) (   4,    2) (   3,    0) (   4,    0) (   3,    0) (   4,    0) (   4,    0) (   4,    1) (   3,    2)
          (   4,    4) (   4,    2) (   3,    0) (   4,    0) (   3,    0) (   4,    0) (   4,    0) (   4,    1) (   3,    2) (   4,    4)
          (   4,    2) (   3,    0) (   4,    0) (   3,    0) (   4,    0) (   4,    0) (   4,    1) (   3,    2) (   4,    4) (   4,    2)
          (   3,    0) (   4,    0) (   3,    0) (   4,    0) (   4,    0) (   4,    1) (   3,    2) (   4,    4) (   4,    2) (   3,    0)
          (   4,    0) (   3,    0) (   4,    0) (   4,    0) (   4,    1) (   3,    2) (   4,    4) (   4,    2) (   3,    0) (   4,    0)
          (   3,    0) (   4,    0) (   4,    0) (   4,    1) (   3,    2) (   4,    4) (   4,    2) (   3,    0) (   4,    0) (   3,    0)
          (   4,    0) (   4,    0) (   4,    1) (   3,    2) (   4,    4) (   4,    2) (   3,    0) (   4,    0) (   3,    0) (   4,    0)
          (   4,    0) (   4,    1) (   3,    2) (   4,    0) (   4,    1) (   3,    0) (   4,    0) (   3,    0) (   4,    0) (   4,    0)
          (   4,    1) (   3,    2) (   4,    0) (   4,    1) (   3,    0) (   4,    0) (   3,    0) (   4,    0) (   4,    0) (   4,    1)
          (   3,    2) (   4,    0) (   4,    1) (   3,    0) (   4,    0) (   3,    0) (   4,    0) (   3,    3) (   3,    4) (   3,    4)
          (   3,    4) (   3,    4) (   3,    4) (   3,    4) (   3,    4) (   3,    4) (   3,    4) (   3,    4) (   3,    4) (   3,    4)
          (   3,    4) (   3,    4) (   3,    4) (   3,    4) (   3,    4) (   3,    3) (   3,    3) (   3,    3) (   3,    3) (   3,    3)
          (   3,    3) (   3,    3) (   3,    3) (   3,    3) (   3,    3) (   3,    3) (   3,    3) (   3,    3) (   3,    3) (   3,    3)
          (   3,    3) (   3,    3) (   3,    3) (   3,    3) (   3,    3) (   3,    3) (   3,    3) (   3,    3) (   3,    3) (   3,    3)
          (   3,    3) (   3,    3) (   3,    3) (   3,    3) (   3,    3) (   3,    3) (   3,    3) (   3,    3) (   3,    3) (   3,    3)
          (   3,    3) (   3,    3) (   3,    3) (   3,    3) (   3,    3) (   3,    3) (   3,    3) (   3,    3) (   3,    3) (   3,    3)
          (   3,    3) (   3,    3) (   3,    3) (   3,    3) (   3,    3) (   3,    3) (   3,    3) (   3,    3) (   3,    3) (   3,    3)
          (   3,    3) (   3,    3) (   3,    3) (   3,    3) (   3,    3) (   3,    3) (   3,    3) (   3,    3) (   3,    3) (   3,    3)
          (   3,    3) (   3,    3) (   3,    3) (   3,    3) (   3,    3) (   3,    3) (   3,    3) (   3,    3) (   3,    3) (   3,    3)
          (   3,    3) (   3,    3) (   3,    3) (   3,    3) (   3,    3) (   3,    3) (   3,    3) (   3,    3) (   3,    3) (   3,    3)
          (   3,    3) (   3,    3) (   3,    3) (   3,    3) (   3,    3) (   3,    3) (   3,    3) (   3,    3) (   3,    3) (   3,    3)
          (   3,    3) (   3,    3) (   3,    3) (   3,    3) (   3,    3) (   3,    3) (   3,    3) (   3,    3) (   3,    3) (   3,    3)
          (   3,    3) (   3,    3) (   3,    3) (   3,    3) (   3,    3) (   3,    3) (   3,    3) (   3,    3) (   3,    3) (   3,    3)
          (   3,    3) (   3,    3) (   3,    3) (   3,    3) (   3,    3) (   3,    3) (   3,    3) (   3,    3) (   3,    3) (   3,    3)
          (   3,    3) (   3,    3) (   3,    3) (   3,    3) (   3,    3) (   3,    3) (   3,    3) (   3,    3) (   3,    3) (   3,    3)
          (   3,    3) (   3,    3) (   3,    3) (   3,    3) (   3,    3) (   3,    3) (   3,    3) (   3,    3) (   3,    3) (   3,    3)
          (   3,    3) (   3,    3) (   3,    3) (   3,    3) (   3,    3) (   3,    3) (   3,    3) (   3,    3) (   3,    3) (   3,    3)
          (   3,    3) (   3,    3) (   3,    3) (   3,    3) (   3,    3) (   3,    3) (   3,    3) (   3,    3) (   3,    3) (   3,    3)
          (   3,    3) (   3,    3) (   3,    3) (   3,    3) (   3,    3) (   3,    3) (   3,    3) (   3,    3) (   3,    3) (   3,    3)
          (   3,    3) (   3,    3) (   3,    3) (   3,    3) (   3,    3) (   3,    3) (   3,    3) (   3,    3) (   3,    3) (   3,    3)
          (   3,    3) (   3,    3) (   3,    3) (   3,    3) (   3,    3) (   3,    3) (   3,    3) (   3,    3) (   3,    3) (   3,    3)
          (   3,    3) (   3,    3) (   3,    3) (   3,    3) (   3,    3) (   3,    3) (   3,    3) (   3,    3) (   3,    3) (   3,    3)
          (   3,    3) (   3,    3) (   3,    3) (   3,    3) (   3,    3) (   3,    3) (   3,    3) (   3,    3) (   3,    3) (   3,    3)
          (   3,    3) (   3,    3) (   3,    3) (   3,    3) (   3,    3) (   3,    3) (   3,    3) (   3,    3) (   3,    3) (   3,    3)
          (   3,    3) (   3,    3) (   3,    3) (   3,    3) (   3,    3) (   3,    3) (   3,    3) (   3,    3) (   3,    3) (   3,    3)
          (   3,    3) (   3,    3) (   3,    3) (   3,    3) (   3,    3) (   3,    3) (   3,    3) (   3,    3) (   3,    3) (   3,    3)
          (   3,    3) (   3,    3) (   3,    3) (   3,    3) (   3,    3) (   3,    3) (   3,    3) (   3,    3) (   3,    3) (   3,    3)
          (   3,    3) (   3,    3) (   3,    3) (   3,    3) (   3,    3) (   3,    3) (   3,    3) (   3,    3) (   3,    3) (   3,    3)
          (   3,    3) (   3,    3) (   3,    3) (   3,    3) (   3,    3) (   3,    3) (   3,    3) (   3,    3) (   3,    3) (   3,    3)
          (   3,    3) (   3,    3) (   3,    3) (   3,    3) (   3,    3) (   3,    3) (   3,    3) (   3,    3) (   3,    3) (   3,    3)
          (   3,    3) (   3,    3) (   3,    3) (   3,    3) (   3,    3) (   3,    3) (   3,    3) (   3,    3) (   3,    3) (   3,    3)
          (   3,    3) (   3,    3) (   3,    3) (   3,    3) (   3,    3) (   3,    3) (   3,    3) (   3,    3) (   3,    3) (   3,    3)
          (   3,    3) (   3,    3) (   3,    3) (   3,    3) (   3,    3) (   3,    3) (   3,    3) (   3,    3) (   3,    3) (   3,    3)
          (   3,    3) (   3,    3) (   3,    3) (   3,    3) (   3,    3) (   3,    3) (   3,    3) (   3,    3) (   3,    3) (   3,    3)
          (   3,    3) (   3,    3) (   3,    3) (   3,    3) (   3,    3) (   3,    3) (   3,    3) (   3,    3) (   3,    3) (   3,    3)
          (   3,    3) (   3,    3) (   3,    3) (   3,    3) (   3,    3) (   3,    3) (   3,    3) (   3,    3) (   3,    3) (   3,    3)
          (   3,    3) (   3,    3) (   3,    3) (   3,    3) (   3,    3) (   3,    3) (   3,    3) (   3,    3) (   3,    3) (   3,    3)
          (   3,    3) (   3,    3) (   3,    3) (   3,    3) (   3,    3) (   3,    3) (   3,    3) (   3,    3) (   3,    3) (   3,    3)
          (   3,    3) (   3,    3) (   3,    3) (   3,    3) (   3,    3) (   3,    3) (   3,    3) (   3,    3) (   3,    3) (   3,    3)
          (   3,    3) (   3,    3) (   3,    3) (   3,    3) (   3,    3) (   3,    3) (   3,    3) (   3,    3) (   3,    3) (   3,    3)
          (   3,    3) (   3,    3) (   3,    3) (   3,    3) (   3,    3) (   3,    3) (   3,    3) (   3,    3) (   3,    3) (   3,    3)
          (   3,    3) (   3,    3) (   3,    3) (   3,    3) (   3,    3) (   3,    3) (   3,    3) (   3,    3) (   3,    3) (   3,    3)
          (   3,    3) (   3,    3) (   3,    3) (   3,    3) (   3,    3) (   3,    3) (   3,    3) (   3,    3) (   3,    3) (   3,    3)
          (   3,    3) (   3,    3) (   3,    3) (   3,    3) (   3,    3) (   3,    3) (   3,    3) (   3,    3) (   3,    3) (   3,    3)
          (   3,    3) (   3,    3) (   3,    3) (   3,    3) (   3,    3) (   3,    3) (   3,    3) (   3,    3) (   3,    3) (   3,    3)
          (   3,    3) (   3,    3) (   3,    3) (   3,    3) (   3,    3) (   3,    3) (   3,    3) (   3,    3) (   3,    3) (   3,    3)
          (   3,    3) (   3,    3) (   3,    3) (   3,    3) (   3,    3) (   3,    3) (   3,    3) (   3,    3) (   3,    3) (   3,    3)
          (   3,    3) (   3,    3) (   3,    3) (   3,    3) (   3,    3) (   3,    3) (   3,    3) (   3,    3) (   3,    3) (   3,    3)
          (   3,    3) (   3,    3) (   3,    3) (   3,    3) (   3,    3) (   3,    3) (   3,    3) (   3,    3) (   3,    3) (   3,    3)
          (   3,    3) (   3,    3) (   3,    3) (   3,    3) (   3,    3) (   3,    3) (   3,    3) (   3,    3) (   3,    3) (   3,    3)
          (   3,    3) (   3,    3) (   3,    3) (   3,    3) (   3,    3) (   3,    3) (   3,    3) (   3,    3) (   3,    3) (   3,    3)
          (   3,    3) (   3,    3) (   3,    3) (   3,    3) (   3,    3) (   3,    3) (   3,    3) (   3,    3) (   3,    3) (   3,    3)
          (   3,    3) (   3,    3) (   3,    3) (   3,    3) (   3,    3) (   3,    3) (   3,    3) (   3,    3) (   3,    3) (   3,    3)
          (   3,    3) (   3,    3) (   3,    3) (   3,    3) (   3,    3) (   3,    3) (   3,    3) (   3,    3) (   3,    3) (   3,    3)
          (   3,    3) (   3,    3) (   3,    3) (   3,    3) (   3,    3) (   3,    3) (   3,    3) (   3,    3) (   3,    3) (   3,    3)
          (   3,    3) (   3,    3) (   3,    3) (   3,    3) (   3,    3) (   3,    3) (   3,    3) (   3,    3) (   3,    3) (   3,    3)
          (   3,    3) (   3,    3) (   3,    3) (   3,    3) (   3,    3) (   3,    3) (   3,    3) (   3,    3) (   3,    3) (   3,    3)
         
node   2 sent_total   2175  recv_total   1853

node   3  (   1,    0) (   0,    0) (   2,    2) (   5,    3) (   4,    3) (   4,    7) (   3,    8) (   4,    8) (   3,    8) (   4,    8)
          (   4,    9) (   4,    9) (   3,    9) (   4,    9) (   4,    9) (   3,    9) (   4,    9) (   3,    9) (   4,    9) (   4,    9)
          (   4,    9) (   3,    9) (   4,    9) (   4,    9) (   3,    9) (   4,    9) (   3,    9) (   4,    9) (   4,    9) (   4,    9)
          (   3,    9) (   4,    9) (   4,    9) (   3,    9) (   4,    9) (   3,    9) (   4,    9) (   4,    9) (   4,    9) (   3,    9)
          (   4,    9) (   4,    9) (   3,    9) (   4,    9) (   3,    9) (   4,    9) (   4,    9) (   4,    9) (   3,    9) (   4,    9)
          (   4,    9) (   3,    9) (   4,    9) (   3,    9) (   4,    9) (   4,    9) (   4,    9) (   3,    9) (   4,    9) (   4,    9)
          (   3,    9) (   4,    9) (   3,    9) (   4,    9) (   4,    9) (   4,    9) (   3,    9) (   4,    9) (   4,    9) (   3,    9)
          (   4,    9) (   3,    9) (   4,    9) (   4,    9) (   4,    9) (   3,    9) (   4,    9) (   4,    9) (   3,    9) (   4,    9)
          (   3,    9) (   4,    9) (   4,    9) (   4,    9) (   3,    9) (   4,    9) (   4,    9) (   3,    9) (   4,    9) (   3,    9)
          (   4,    9) (   4,    9) (   4,    9) (   3,    9) (   4,    9) (   4,    9) (   3,    9) (   4,    9) (   3,    9) (   4,    9)
          (   4,    9) (   4,    9) (   3,    4) (   4,    4) (   4,    4) (   3,    4) (   4,    4) (   3,    4) (   4,    4) (   4,    4)
          (   4,    4) (   3,    4) (   4,    4) (   4,    4) (   3,    4) (   4,    4) (   3,    4) (   4,    4) (   4,    4) (   4,    4)
          (   3,    4) (   4,    4) (   4,    4) (   3,    4) (   4,    4) (   3,    4) (   3,    4) (   3,    2) (   3,    2) (   3,    3)
          (   3,    3) (   3,    3) (   3,    3) (   3,    3) (   3,    3) (   3,    4) (   3,    4) (   3,    4) (   3,    4) (   3,    4)
          (   3,    4) (   3,    4) (   3,    4) (   3,    4) (   3,    4) (   3,    3) (   3,    3) (   3,    3) (   3,    3) (   3,    3)
          (   3,    3) (   3,    3) (   3,    3) (   3,    3) (   3,    3) (   3,    3) (   3,    3) (   3,    3) (   3,    3) (   3,    3)
          (   3,    3) (   3,    3) (   3,    3) (   3,    3) (   3,    3) (   3,    3) (   3,    3) (   3,    3) (   3,    3) (   3,    3)
          (   3,    3) (   3,    3) (   3,    3) (   3,    3) (   3,    3) (   3,    3) (   3,    3) (   3,    3) (   3,    3) (   3,    3)
          (   3,    3) (   3,    3) (   3,    3) (   3,    3) (   3,    3) (   3,    3) (   3,    3) (   3,    3) (   3,    3) (   3,    3)
          (   3,    3) (   3,    3) (   3,    3) (   3,    3) (   3,    3) (   3,    3) (   3,    3) (   3,    3) (   3,    3) (   3,    3)
          (   3,    3) (   3,    3) (   3,    3) (   3,    3) (   3,    3) (   3,    3) (   3,    3) (   3,    3) (   3,    3) (   3,    3)
          (   3,    3) (   3,    3) (   3,    3) (   3,    3) (   3,    3) (   3,    3) (   3,    3) (   3,    3) (   3,    3) (   3,    3)
          (   3,    3) (   3,    3) (   3,    3) (   3,    3) (   3,    3) (   3,    3) (   3,    3) (   3,    3) (   3,    3) (   3,    3)
          (   3,    3) (   3,    3) (   3,    3) (   3,    3) (   3,    3) (   3,    3) (   3,    3) (   3,    3) (   3,    3) (   3,    3)
          (   3,    3) (   3,    3) (   3,    3) (   3,    3) (   3,    3) (   3,    3) (   3,    3) (   3,    3) (   3,    3) (   3,    3)
          (   3,    3) (   3,    3) (   3,    3) (   3,    3) (   3,    3) (   3,    3) (   3,    3) (   3,    3) (   3,    3) (   3,    3)
          (   3,    3) (   3,    3) (   3,    3) (   3,    3) (   3,    3) (   3,    3) (   3,    3) (   3,    3) (   3,    3) (   3,    3)
          (   3,    3) (   3,    3) (   3,    3) (   3,    3) (   3,    3) (   3,    3) (   3,    3) (   3,    3) (   3,    3) (   3,    3)
          (   3,    3) (   3,    3) (   3,    3) (   3,    3) (   3,    3) (   3,    3) (   3,    3) (   3,    3) (   3,    3) (   3,    3)
          (   3,    3) (   3,    3) (   3,    3) (   3,    3) (   3,    3) (   3,    3) (   3,    3) (   3,    3) (   3,    3) (   3,    3)
          (   3,    3) (   3,    3) (   3,    3) (   3,    3) (   3,    3) (   3,    3) (   3,    3) (   3,    3) (   3,    3) (   3,    3)
          (   3,    3) (   3,    3) (   3,    3) (   3,    3) (   3,    3) (   3,    3) (   3,    3) (   3,    3) (   3,    3) (   3,    3)
          (   3,    3) (   3,    3) (   3,    3) (   3,    3) (   3,    3) (   3,    3) (   3,    3) (   3,    3) (   3,    3) (   3,    3)
          (   3,    3) (   3,    3) (   3,    3) (   3,    3) (   3,    3) (   3,    3) (   3,    3) (   3,    3) (   3,    3) (   3,    3)
          (   3,    3) (   3,    3) (   3,    3) (   3,    3) (   3,    3) (   3,    3) (   3,    3) (   3,    3) (   3,    3) (   3,    3)
          (   3,    3) (   3,    3) (   3,    3) (   3,    3) (   3,    3) (   3,    3) (   3,    3) (   3,    3) (   3,    3) (   3,    3)
          (   3,    3) (   3,    3) (   3,    3) (   3,    3) (   3,    3) (   3,    3) (   3,    3) (   3,    3) (   3,    3) (   3,    3)
          (   3,    3) (   3,    3) (   3,    3) (   3,    3) (   3,    3) (   3,    3) (   3,    3) (   3,    3) (   3,    3) (   3,    3)
          (   3,    3) (   3,    3) (   3,    3) (   3,    3) (   3,    3) (   3,    3) (   3,    3) (   3,    3) (   3,    3) (   3,    3)
          (   3,    3) (   3,    3) (   3,    3) (   3,    3) (   3,    3) (   3,    3) (   3,    3) (   3,    3) (   3,    3) (   3,    3)
          (   3,    3) (   3,    3) (   3,    3) (   3,    3) (   3,    3) (   3,    3) (   3,    3) (   3,    3) (   3,    3) (   3,    3)
          (   3,    3) (   3,    3) (   3,    3) (   3,    3) (   3,    3) (   3,    3) (   3,    3) (   3,    3) (   3,    3) (   3,    3)
          (   3,    3) (   3,    3) (   3,    3) (   3,    3) (   3,    3) (   3,    3) (   3,    3) (   3,    3) (   3,    3) (   3,    3)
          (   3,    3) (   3,    3) (   3,    3) (   3,    3) (   3,    3) (   3,    3) (   3,    3) (   3,    3) (   3,    3) (   3,    3)
          (   3,    3) (   3,    3) (   3,    3) (   3,    3) (   3,    3) (   3,    3) (   3,    3) (   3,    3) (   3,    3) (   3,    3)
          (   3,    3) (   3,    3) (   3,    3) (   3,    3) (   3,    3) (   3,    3) (   3,    3) (   3,    3) (   3,    3) (   3,    3)
          (   3,    3) (   3,    3) (   3,    3) (   3,    3) (   3,    3) (   3,    3) (   3,    3) (   3,    3) (   3,    3) (   3,    3)
          (   3,    3) (   3,    3) (   3,    3) (   3,    3) (   3,    3) (   3,    3) (   3,    3) (   3,    3) (   3,    3) (   3,    3)
          (   3,    3) (   3,    3) (   3,    3) (   3,    3) (   3,    3) (   3,    3) (   3,    3) (   3,    3) (   3,    3) (   3,    3)
          (   3,    3) (   3,    3) (   3,    3) (   3,    3) (   3,    3) (   3,    3) (   3,    3) (   3,    3) (   3,    3) (   3,    3)
          (   3,    3) (   3,    3) (   3,    3) (   3,    3) (   3,    3) (   3,    3) (   3,    3) (   3,    3) (   3,    3) (   3,    3)
          (   3,    3) (   3,    3) (   3,    3) (   3,    3) (   3,    3) (   3,    3) (   3,    3) (   3,    3) (   3,    3) (   3,    3)
          (   3,    3) (   3,    3) (   3,    3) (   3,    3) (   3,    3) (   3,    3) (   3,    3) (   3,    3) (   3,    3) (   3,    3)
          (   3,    3) (   3,    3) (   3,    3) (   3,    3) (   3,    3) (   3,    3) (   3,    3) (   3,    3) (   3,    3) (   3,    3)
          (   3,    3) (   3,    3) (   3,    3) (   3,    3) (   3,    3) (   3,    3) (   3,    3) (   3,    3) (   3,    3) (   3,    3)
          (   3,    3) (   3,    3) (   3,    3) (   3,    3) (   3,    3) (   3,    3) (   3,    3) (   3,    3) (   3,    3) (   3,    3)
          (   3,    3) (   3,    3) (   3,    3) (   3,    3) (   3,    3) (   3,    3) (   3,    3) (   3,    3) (   3,    3) (   3,    3)
          (   3,    3) (   3,    3) (   3,    3) (   3,    3) (   3,    3) (   3,    3) (   3,    3) (   3,    3) (   3,    3) (   3,    3)
          (   3,    3) (   3,    3) (   3,    3) (   3,    3) (   3,    3) (   3,    3) (   3,    3) (   3,    3) (   3,    3) (   3,    3)
          (   3,    3) (   3,    3) (   3,    3) (   3,    3) (   3,    3) (   3,    3) (   3,    3) (   3,    3) (   3,    3) (   3,    3)
          (   3,    3) (   3,    3) (   3,    3) (   3,    3) (   3,    3) (   3,    3) (   3,    3) (   3,    3) (   3,    3) (   3,    3)
          (   3,    3) (   3,    3) (   3,    3) (   3,    3) (   3,    3) (   3,    3) (   3,    3) (   3,    3) (   3,    3) (   3,    3)
          (   3,    3) (   3,    3) (   3,    3) (   3,    3) (   3,    3) (   3,    3) (   3,    3) (   3,    3) (   3,    3) (   3,    3)
          (   3,    3) (   3,    3) (   3,    3) (   3,    3) (   3,    3) (   3,    3) (   3,    3) (   3,    3) (   3,    3) (   3,    3)
          (   3,    3) (   3,    3) (   3,    3) (   3,    3) (   3,    3) (   3,    3) (   3,    3) (   3,    3) (   3,    3) (   3,    3)
          (   3,    3) (   3,    3) (   3,    3) (   3,    3) (   3,    3) (   3,    3) (   3,    3) (   3,    3) (   3,    3) (   3,    3)
          (   3,    3) (   3,    3) (   3,    3) (   3,    3) (   3,    3) (   3,    3) (   3,    3) (   3,    3) (   3,    3) (   3,    3)
          (   3,    3) (   3,    3) (   3,    3) (   3,    3) (   3,    3) (   3,    3) (   3,    3) (   3,    3) (   3,    3) (   3,    3)
          (   3,    3) (   3,    3) (   3,    3) (   3,    3) (   3,    3) (   3,    3) (   3,    3) (   3,    3) (   3,    3) (   3,    3)
          (   3,    3) (   3,    3) (   3,    3) (   3,    3) (   3,    3) (   3,    3) (   3,    3) (   3,    3) (   3,    3) (   3,    3)
         
node   3 sent_total   2177  recv_total   2702

node   4  (   1,    0) (   0,    0) (   2,    1) (   5,    2) (   4,    6) (   4,    5) (   3,    6) (   4,    3) (   3,    2) (   4,    2)
          (   4,    1) (   4,    1) (   3,    1) (   4,    2) (   4,    2) (   3,    5) (   4,    3) (   3,    1) (   4,    1) (   4,    1)
          (   4,    1) (   3,    1) (   4,    2) (   4,    2) (   3,    5) (   4,    3) (   3,    1) (   4,    1) (   4,    1) (   4,    1)
          (   3,    1) (   4,    2) (   4,    2) (   3,    5) (   4,    3) (   3,    1) (   4,    1) (   4,    1) (   4,    1) (   3,    1)
          (   4,    2) (   4,    2) (   3,    5) (   4,    3) (   3,    1) (   4,    1) (   4,    1) (   4,    1) (   3,    1) (   4,    2)
          (   4,    2) (   3,    5) (   4,    3) (   3,    1) (   4,    1) (   4,    1) (   4,    1) (   3,    1) (   4,    2) (   4,    2)
          (   3,    5) (   4,    3) (   3,    1) (   4,    1) (   4,    1) (   4,    1) (   3,    1) (   4,    2) (   4,    2) (   3,    5)
          (   4,    3) (   3,    1) (   4,    1) (   4,    1) (   4,    1) (   3,    1) (   4,    2) (   4,    2) (   3,    5) (   4,    3)
          (   3,    1) (   4,    1) (   4,    1) (   4,    1) (   3,    1) (   4,    2) (   4,    2) (   3,    5) (   4,    3) (   3,    1)
          (   4,    1) (   4,    1) (   4,    1) (   3,    1) (   4,    2) (   4,    2) (   3,    5) (   4,    3) (   3,    1) (   4,    1)
          (   4,    1) (   4,    1) (   3,    1) (   4,    2) (   4,    2) (   3,    1) (   4,    2) (   3,    1) (   4,    1) (   4,    1)
          (   4,    1) (   3,    1) (   4,    2) (   4,    2) (   3,    1) (   4,    2) (   3,    1) (   4,    1) (   4,    1) (   4,    1)
          (   3,    1) (   4,    2) (   4,    2) (   3,    1) (   4,    2) (   3,    1) (   4,    1) (   3,    1) (   3,    2) (   3,    2)
          (   3,    4) (   3,    3) (   3,    3) (   3,    3) (   3,    3) (   3,    4) (   3,    4) (   3,    4) (   3,    4) (   3,    4)
          (   3,    4) (   3,    4) (   3,    4) (   3,    4) (   3,    4) (   3,    3) (   3,    3) (   3,    3) (   3,    3) (   3,    3)
          (   3,    3) (   3,    3) (   3,    3) (   3,    3) (   3,    3) (   3,    3) (   3,    3) (   3,    3) (   3,    3) (   3,    3)
          (   3,    3) (   3,    3) (   3,    3) (   3,    3) (   3,    3) (   3,    3) (   3,    3) (   3,    3) (   3,    3) (   3,    3)
          (   3,    3) (   3,    3) (   3,    3) (   3,    3) (   3,    3) (   3,    3) (   3,    3) (   3,    3) (   3,    3) (   3,    3)
          (   3,    3) (   3,    3) (   3,    3) (   3,    3) (   3,    3) (   3,    3) (   3,    3) (   3,    3) (   3,    3) (   3,    3)
          (   3,    3) (   3,    3) (   3,    3) (   3,    3) (   3,    3) (   3,    3) (   3,    3) (   3,    3) (   3,    3) (   3,    3)
          (   3,    3) (   3,    3) (   3,    3) (   3,    3) (   3,    3) (   3,    3) (   3,    3) (   3,    3) (   3,    3) (   3,    3)
          (   3,    3) (   3,    3) (   3,    3) (   3,    3) (   3,    3) (   3,    3) (   3,    3) (   3,    3) (   3,    3) (   3,    3)
          (   3,    3) (   3,    3) (   3,    3) (   3,    3) (   3,    3) (   3,    3) (   3,    3) (   3,    3) (   3,    3) (   3,    3)
          (   3,    3) (   3,    3) (   3,    3) (   3,    3) (   3,    3) (   3,    3) (   3,    3) (   3,    3) (   3,    3) (   3,    3)
          (   3,    3) (   3,    3) (   3,    3) (   3,    3) (   3,    3) (   3,    3) (   3,    3) (   3,    3) (   3,    3) (   3,    3)
          (   3,    3) (   3,    3) (   3,    3) (   3,    3) (   3,    3) (   3,    3) (   3,    3) (   3,    3) (   3,    3) (   3,    3)
          (   3,    3) (   3,    3) (   3,    3) (   3,    3) (   3,    3) (   3,    3) (   3,    3) (   3,    3) (   3,    3) (   3,    3)
          (   3,    3) (   3,    3) (   3,    3) (   3,    3) (   3,    3) (   3,    3) (   3,    3) (   3,    3) (   3,    3) (   3,    3)
          (   3,    3) (   3,    3) (   3,    3) (   3,    3) (   3,    3) (   3,    3) (   3,    3) (   3,    3) (   3,    3) (   3,    3)
          (   3,    3) (   3,    3) (   3,    3) (   3,    3) (   3,    3) (   3,    3) (   3,    3) (   3,    3) (   3,    3) (   3,    3)
          (   3,    3) (   3,    3) (   3,    3) (   3,    3) (   3,    3) (   3,    3) (   3,    3) (   3,    3) (   3,    3) (   3,    3)
          (   3,    3) (   3,    3) (   3,    3) (   3,    3) (   3,    3) (   3,    3) (   3,    3) (   3,    3) (   3,    3) (   3,    3)
          (   3,    3) (   3,    3) (   3,    3) (   3,    3) (   3,    3) (   3,    3) (   3,    3) (   3,    3) (   3,    3) (   3,    3)
          (   3,    3) (   3,    3) (   3,    3) (   3,    3) (   3,    3) (   3,    3) (   3,    3) (   3,    3) (   3,    3) (   3,    3)
          (   3,    3) (   3,    3) (   3,    3) (   3,    3) (   3,    3) (   3,    3) (   3,    3) (   3,    3) (   3,    3) (   3,    3)
          (   3,    3) (   3,    3) (   3,    3) (   3,    3) (   3,    3) (   3,    3) (   3,    3) (   3,    3) (   3,    3) (   3,    3)
          (   3,    3) (   3,    3) (   3,    3) (   3,    3) (   3,    3) (   3,    3) (   3,    3) (   3,    3) (   3,    3) (   3,    3)
          (   3,    3) (   3,    3) (   3,    3) (   3,    3) (   3,    3) (   3,    3) (   3,    3) (   3,    3) (   3,    3) (   3,    3)
          (   3,    3) (   3,    3) (   3,    3) (   3,    3) (   3,    3) (   3,    3) (   3,    3) (   3,    3) (   3,    3) (   3,    3)
          (   3,    3) (   3,    3) (   3,    3) (   3,    3) (   3,    3) (   3,    3) (   3,    3) (   3,    3) (   3,    3) (   3,    3)
          (   3,    3) (   3,    3) (   3,    3) (   3,    3) (   3,    3) (   3,    3) (   3,    3) (   3,    3) (   3,    3) (   3,    3)
          (   3,    3) (   3,    3) (   3,    3) (   3,    3) (   3,    3) (   3,    3) (   3,    3) (   3,    3) (   3,    3) (   3,    3)
          (   3,    3) (   3,    3) (   3,    3) (   3,    3) (   3,    3) (   3,    3) (   3,    3) (   3,    3) (   3,    3) (   3,    3)
          (   3,    3) (   3,    3) (   3,    3) (   3,    3) (   3,    3) (   3,    3) (   3,    3) (   3,    3) (   3,    3) (   3,    3)
          (   3,    3) (   3,    3) (   3,    3) (   3,    3) (   3,    3) (   3,    3) (   3,    3) (   3,    3) (   3,    3) (   3,    3)
          (   3,    3) (   3,    3) (   3,    3) (   3,    3) (   3,    3) (   3,    3) (   3,    3) (   3,    3) (   3,    3) (   3,    3)
          (   3,    3) (   3,    3) (   3,    3) (   3,    3) (   3,    3) (   3,    3) (   3,    3) (   3,    3) (   3,    3) (   3,    3)
          (   3,    3) (   3,    3) (   3,    3) (   3,    3) (   3,    3) (   3,    3) (   3,    3) (   3,    3) (   3,    3) (   3,    3)
          (   3,    3) (   3,    3) (   3,    3) (   3,    3) (   3,    3) (   3,    3) (   3,    3) (   3,    3) (   3,    3) (   3,    3)
          (   3,    3) (   3,    3) (   3,    3) (   3,    3) (   3,    3) (   3,    3) (   3,    3) (   3,    3) (   3,    3) (   3,    3)
          (   3,    3) (   3,    3) (   3,    3) (   3,    3) (   3,    3) (   3,    3) (   3,    3) (   3,    3) (   3,    3) (   3,    3)
          (   3,    3) (   3,    3) (   3,    3) (   3,    3) (   3,    3) (   3,    3) (   3,    3) (   3,    3) (   3,    3) (   3,    3)
          (   3,    3) (   3,    3) (   3,    3) (   3,    3) (   3,    3) (   3,    3) (   3,    3) (   3,    3) (   3,    3) (   3,    3)
          (   3,    3) (   3,    3) (   3,    3) (   3,    3) (   3,    3) (   3,    3) (   3,    3) (   3,    3) (   3,    3) (   3,    3)
          (   3,    3) (   3,    3) (   3,    3) (   3,    3) (   3,    3) (   3,    3) (   3,    3) (   3,    3) (   3,    3) (   3,    3)
          (   3,    3) (   3,    3) (   3,    3) (   3,    3) (   3,    3) (   3,    3) (   3,    3) (   3,    3) (   3,    3) (   3,    3)
          (   3,    3) (   3,    3) (   3,    3) (   3,    3) (   3,    3) (   3,    3) (   3,    3) (   3,    3) (   3,    3) (   3,    3)
          (   3,    3) (   3,    3) (   3,    3) (   3,    3) (   3,    3) (   3,    3) (   3,    3) (   3,    3) (   3,    3) (   3,    3)
          (   3,    3) (   3,    3) (   3,    3) (   3,    3) (   3,    3) (   3,    3) (   3,    3) (   3,    3) (   3,    3) (   3,    3)
          (   3,    3) (   3,    3) (   3,    3) (   3,    3) (   3,    3) (   3,    3) (   3,    3) (   3,    3) (   3,    3) (   3,    3)
          (   3,    3) (   3,    3) (   3,    3) (   3,    3) (   3,    3) (   3,    3) (   3,    3) (   3,    3) (   3,    3) (   3,    3)
          (   3,    3) (   3,    3) (   3,    3) (   3,    3) (   3,    3) (   3,    3) (   3,    3) (   3,    3) (   3,    3) (   3,    3)
          (   3,    3) (   3,    3) (   3,    3) (   3,    3) (   3,    3) (   3,    3) (   3,    3) (   3,    3) (   3,    3) (   3,    3)
          (   3,    3) (   3,    3) (   3,    3) (   3,    3) (   3,    3) (   3,    3) (   3,    3) (   3,    3) (   3,    3) (   3,    3)
          (   3,    3) (   3,    3) (   3,    3) (   3,    3) (   3,    3) (   3,    3) (   3,    3) (   3,    3) (   3,    3) (   3,    3)
          (   3,    3) (   3,    3) (   3,    3) (   3,    3) (   3,    3) (   3,    3) (   3,    3) (   3,    3) (   3,    3) (   3,    3)
          (   3,    3) (   3,    3) (   3,    3) (   3,    3) (   3,    3) (   3,    3) (   3,    3) (   3,    3) (   3,    3) (   3,    3)
          (   3,    3) (   3,    3) (   3,    3) (   3,    3) (   3,    3) (   3,    3) (   3,    3) (   3,    3) (   3,    3) (   3,    3)
          (   3,    3) (   3,    3) (   3,    3) (   3,    3) (   3,    3) (   3,    3) (   3,    3) (   3,    3) (   3,    3) (   3,    3)
          (   3,    3) (   3,    3) (   3,    3) (   3,    3) (   3,    3) (   3,    3) (   3,    3) (   3,    3) (   3,    3) (   3,    3)
         
node   4 sent_total   2178  recv_total   1959

node   5  (   0,    0) (   1,    0) (   0,    0) (   5,    2) (   5,    5) (   4,    2) (   4,    3) (   3,    4) (   4,    3) (   3,    1)
          (   4,    1) (   4,    1) (   4,    1) (   3,    1) (   4,    2) (   4,    3) (   3,    4) (   4,    3) (   3,    1) (   4,    1)
          (   4,    1) (   4,    1) (   3,    1) (   4,    2) (   4,    3) (   3,    4) (   4,    3) (   3,    1) (   4,    1) (   4,    1)
          (   4,    1) (   3,    1) (   4,    2) (   4,    3) (   3,    4) (   4,    3) (   3,    1) (   4,    1) (   4,    1) (   4,    1)
          (   3,    1) (   4,    2) (   4,    3) (   3,    4) (   4,    3) (   3,    1) (   4,    1) (   4,    1) (   4,    1) (   3,    1)
          (   4,    2) (   4,    3) (   3,    4) (   4,    3) (   3,    1) (   4,    1) (   4,    1) (   4,    1) (   3,    1) (   4,    2)
          (   4,    3) (   3,    4) (   4,    3) (   3,    1) (   4,    1) (   4,    1) (   4,    1) (   3,    1) (   4,    2) (   4,    3)
          (   3,    4) (   4,    3) (   3,    1) (   4,    1) (   4,    1) (   4,    1) (   3,    1) (   4,    2) (   4,    3) (   3,    4)
          (   4,    3) (   3,    1) (   4,    1) (   4,    1) (   4,    1) (   3,    1) (   4,    2) (   4,    3) (   3,    4) (   4,    3)
          (   3,    1) (   4,    1) (   4,    1) (   4,    1) (   3,    1) (   4,    2) (   4,    3) (   3,    4) (   4,    3) (   3,    1)
          (   4,    1) (   0,    0) (   0,    0) (   0,    0) (   0,    0) (   0,    0) (   0,    0) (   0,    0) (   0,    0) (   0,    0)
          (   0,    0) (   0,    0) (   0,    0) (   0,    0) (   0,    0) (   0,    0) (   0,    0) (   0,    0) (   0,    0) (   0,    0)
          (   0,    0) (   0,    0) (   0,    0) (   0,    0) (   0,    0) (   0,    0) (   0,    0) (   0,    0) (   0,    0) (   0,    0)
          (   0,    0) (   0,    0) (   0,    0) (   0,    0) (   0,    0) (   0,    0) (   0,    0) (   0,    0) (   0,    0) (   0,    0)
          (   0,    0) (   0,    0) (   0,    0) (   0,    0) (   0,    0) (   0,    0) (   0,    0) (   0,    0) (   0,    0) (   0,    0)
          (   0,    0) (   0,    0) (   0,    0) (   0,    0) (   0,    0) (   0,    0) (   0,    0) (   0,    0) (   0,    0) (   0,    0)
          (   0,    0) (   0,    0) (   0,    0) (   0,    0) (   0,    0) (   0,    0) (   0,    0) (   0,    0) (   0,    0) (   0,    0)
          (   0,    0) (   0,    0) (   0,    0) (   0,    0) (   0,    0) (   0,    0) (   0,    0) (   0,    0) (   0,    0) (   0,    0)
          (   0,    0) (   0,    0) (   0,    0) (   0,    0) (   0,    0) (   0,    0) (   0,    0) (   0,    0) (   0,    0) (   0,    0)
          (   0,    0) (   0,    0) (   0,    0) (   0,    0) (   0,    0) (   0,    0) (   0,    0) (   0,    0) (   0,    0) (   0,    0)
          (   0,    0) (   0,    0) (   0,    0) (   0,    0) (   0,    0) (   0,    0) (   0,    0) (   0,    0) (   0,    0) (   0,    0)
          (   0,    0) (   0,    0) (   0,    0) (   0,    0) (   0,    0) (   0,    0) (   0,    0) (   0,    0) (   0,    0) (   0,    0)
          (   0,    0) (   0,    0) (   0,    0) (   0,    0) (   0,    0) (   0,    0) (   0,    0) (   0,    0) (   0,    0) (   0,    0)
          (   0,    0) (   0,    0) (   0,    0) (   0,    0) (   0,    0) (   0,    0) (   0,    0) (   0,    0) (   0,    0) (   0,    0)
          (   0,    0) (   0,    0) (   0,    0) (   0,    0) (   0,    0) (   0,    0) (   0,    0) (   0,    0) (   0,    0) (   0,    0)
          (   0,    0) (   0,    0) (   0,    0) (   0,    0) (   0,    0) (   0,    0) (   0,    0) (   0,    0) (   0,    0) (   0,    0)
          (   0,    0) (   0,    0) (   0,    0) (   0,    0) (   0,    0) (   0,    0) (   0,    0) (   0,    0) (   0,    0) (   0,    0)
          (   0,    0) (   0,    0) (   0,    0) (   0,    0) (   0,    0) (   0,    0) (   0,    0) (   0,    0) (   0,    0) (   0,    0)
          (   0,    0) (   0,    0) (   0,    0) (   0,    0) (   0,    0) (   0,    0) (   0,    0) (   0,    0) (   0,    0) (   0,    0)
          (   0,    0) (   0,    0) (   0,    0) (   0,    0) (   0,    0) (   0,    0) (   0,    0) (   0,    0) (   0,    0) (   0,    0)
          (   0,    0) (   0,    0) (   0,    0) (   0,    0) (   0,    0) (   0,    0) (   0,    0) (   0,    0) (   0,    0) (   0,    0)
          (   0,    0) (   0,    0) (   0,    0) (   0,    0) (   0,    0) (   0,    0) (   0,    0) (   0,    0) (   0,    0) (   0,    0)
          (   0,    0) (   0,    0) (   0,    0) (   0,    0) (   0,    0) (   0,    0) (   0,    0) (   0,    0) (   0,    0) (   0,    0)
          (   0,    0) (   0,    0) (   0,    0) (   0,    0) (   0,    0) (   0,    0) (   0,    0) (   0,    0) (   0,    0) (   0,    0)
          (   0,    0) (   0,    0) (   0,    0) (   0,    0) (   0,    0) (   0,    0) (   0,    0) (   0,    0) (   0,    0) (   0,    0)
          (   0,    0) (   0,    0) (   0,    0) (   0,    0) (   0,    0) (   0,    0) (   0,    0) (   0,    0) (   0,    0) (   0,    0)
          (   0,    0) (   0,    0) (   0,    0) (   0,    0) (   0,    0) (   0,    0) (   0,    0) (   0,    0) (   0,    0) (   0,    0)
          (   0,    0) (   0,    0) (   0,    0) (   0,    0) (   0,    0) (   0,    0) (   0,    0) (   0,    0) (   0,    0) (   0,    0)
          (   0,    0) (   0,    0) (   0,    0) (   0,    0) (   0,    0) (   0,    0) (   0,    0) (   0,    0) (   0,    0) (   0,    0)
          (   0,    0) (   0,    0) (   0,    0) (   0,    0) (   0,    0) (   0,    0) (   0,    0) (   0,    0) (   0,    0) (   0,    0)
          (   0,    0) (   0,    0) (   0,    0) (   0,    0) (   0,    0) (   0,    0) (   0,    0) (   0,    0) (   0,    0) (   0,    0)
          (   0,    0) (   0,    0) (   0,    0) (   0,    0) (   0,    0) (   0,    0) (   0,    0) (   0,    0) (   0,    0) (   0,    0)
          (   0,    0) (   0,    0) (   0,    0) (   0,    0) (   0,    0) (   0,    0) (   0,    0) (   0,    0) (   0,    0) (   0,    0)
          (   0,    0) (   0,    0) (   0,    0) (   0,    0) (   0,    0) (   0,    0) (   0,    0) (   0,    0) (   0,    0) (   0,    0)
          (   0,    0) (   0,    0) (   0,    0) (   0,    0) (   0,    0) (   0,    0) (   0,    0) (   0,    0) (   0,    0) (   0,    0)
          (   0,    0) (   0,    0) (   0,    0) (   0,    0) (   0,    0) (   0,    0) (   0,    0) (   0,    0) (   0,    0) (   0,    0)
          (   0,    0) (   0,    0) (   0,    0) (   0,    0) (   0,    0) (   0,    0) (   0,    0) (   0,    0) (   0,    0) (   0,    0)
          (   0,    0) (   0,    0) (   0,    0) (   0,    0) (   0,    0) (   0,    0) (   0,    0) (   0,    0) (   0,    0) (   0,    0)
          (   0,    0) (   0,    0) (   0,    0) (   0,    0) (   0,    0) (   0,    0) (   0,    0) (   0,    0) (   0,    0) (   0,    0)
          (   0,    0) (   0,    0) (   0,    0) (   0,    0) (   0,    0) (   0,    0) (   0,    0) (   0,    0) (   0,    0) (   0,    0)
          (   0,    0) (   0,    0) (   0,    0) (   0,    0) (   0,    0) (   0,    0) (   0,    0) (   0,    0) (   0,    0) (   0,    0)
          (   0,    0) (   0,    0) (   0,    0) (   0,    0) (   0,    0) (   0,    0) (   0,    0) (   0,    0) (   0,    0) (   0,    0)
          (   0,    0) (   0,    0) (   0,    0) (   0,    0) (   0,    0) (   0,    0) (   0,    0) (   0,    0) (   0,    0) (   0,    0)
          (   0,    0) (   0,    0) (   0,    0) (   0,    0) (   0,    0) (   0,    0) (   0,    0) (   0,    0) (   0,    0) (   0,    0)
          (   0,    0) (   0,    0) (   0,    0) (   0,    0) (   0,    0) (   0,    0) (   0,    0) (   0,    0) (   0,    0) (   0,    0)
          (   0,    0) (   0,    0) (   0,    0) (   0,    0) (   0,    0) (   0,    0) (   0,    0) (   0,    0) (   0,    0) (   0,    0)
          (   0,    0) (   0,    0) (   0,    0) (   0,    0) (   0,    0) (   0,    0) (   0,    0) (   0,    0) (   0,    0) (   0,    0)
          (   0,    0) (   0,    0) (   0,    0) (   0,    0) (   0,    0) (   0,    0) (   0,    0) (   0,    0) (   0,    0) (   0,    0)
          (   0,    0) (   0,    0) (   0,    0) (   0,    0) (   0,    0) (   0,    0) (   0,    0) (   0,    0) (   0,    0) (   0,    0)
          (   0,    0) (   0,    0) (   0,    0) (   0,    0) (   0,    0) (   0,    0) (   0,    0) (   0,    0) (   0,    0) (   0,    0)
          (   0,    0) (   0,    0) (   0,    0) (   0,    0) (   0,    0) (   0,    0) (   0,    0) (   0,    0) (   0,    0) (   0,    0)
          (   0,    0) (   0,    0) (   0,    0) (   0,    0) (   0,    0) (   0,    0) (   0,    0) (   0,    0) (   0,    0) (   0,    0)
          (   0,    0) (   0,    0) (   0,    0) (   0,    0) (   0,    0) (   0,    0) (   0,    0) (   0,    0) (   0,    0) (   0,    0)
          (   0,    0) (   0,    0) (   0,    0) (   0,    0) (   0,    0) (   0,    0) (   0,    0) (   0,    0) (   0,    0) (   0,    0)
          (   0,    0) (   0,    0) (   0,    0) (   0,    0) (   0,    0) (   0,    0) (   0,    0) (   0,    0) (   0,    0) (   0,    0)
          (   0,    0) (   0,    0) (   0,    0) (   0,    0) (   0,    0) (   0,    0) (   0,    0) (   0,    0) (   0,    0) (   0,    0)
          (   0,    0) (   0,    0) (   0,    0) (   0,    0) (   0,    0) (   0,    0) (   0,    0) (   0,    0) (   0,    0) (   0,    0)
          (   0,    0) (   0,    0) (   0,    0) (   0,    0) (   0,    0) (   0,    0) (   0,    0) (   0,    0) (   0,    0) (   0,    0)
          (   0,    0) (   0,    0) (   0,    0) (   0,    0) (   0,    0) (   0,    0) (   0,    0) (   0,    0) (   0,    0) (   0,    0)
          (   0,    0) (   0,    0) (   0,    0) (   0,    0) (   0,    0) (   0,    0) (   0,    0) (   0,    0) (   0,    0) (   0,    0)
         
node   5 sent_total    363  recv_total    191

node   6  (   0,    0) (   1,    0) (   0,    0) (   5,    2) (   3,    6) (   4,    8) (   4,    7) (   3,    7) (   4,    7) (   3,    8)
          (   4,    8) (   4,    8) (   4,    8) (   3,    8) (   4,    8) (   4,    9) (   3,    8) (   4,    8) (   3,    8) (   4,    8)
          (   4,    8) (   4,    8) (   3,    8) (   4,    8) (   4,    9) (   3,    8) (   4,    8) (   3,    8) (   4,    8) (   4,    8)
          (   4,    8) (   3,    8) (   4,    8) (   4,    9) (   3,    8) (   4,    8) (   3,    8) (   4,    8) (   4,    8) (   4,    8)
          (   3,    8) (   4,    8) (   4,    9) (   3,    8) (   4,    8) (   3,    8) (   4,    8) (   4,    8) (   4,    8) (   3,    8)
          (   4,    8) (   4,    9) (   3,    8) (   4,    8) (   3,    8) (   4,    8) (   4,    8) (   4,    8) (   3,    8) (   4,    8)
          (   4,    9) (   3,    8) (   4,    8) (   3,    8) (   4,    8) (   4,    8) (   4,    8) (   3,    8) (   4,    8) (   4,    9)
          (   3,    8) (   4,    8) (   3,    8) (   4,    8) (   4,    8) (   4,    8) (   3,    8) (   4,    8) (   4,    9) (   3,    8)
          (   4,    8) (   3,    8) (   4,    8) (   4,    8) (   4,    8) (   3,    8) (   4,    8) (   4,    9) (   3,    8) (   4,    8)
          (   3,    8) (   4,    8) (   4,    8) (   4,    8) (   3,    8) (   4,    8) (   4,    9) (   3,    8) (   4,    8) (   3,    8)
          (   4,    8) (   0,    0) (   0,    0) (   0,    0) (   0,    0) (   0,    0) (   0,    0) (   0,    0) (   0,    0) (   0,    0)
          (   0,    0) (   0,    0) (   0,    0) (   0,    0) (   0,    0) (   0,    0) (   0,    0) (   0,    0) (   0,    0) (   0,    0)
          (   0,    0) (   0,    0) (   0,    0) (   0,    0) (   0,    0) (   0,    0) (   0,    0) (   0,    0) (   0,    0) (   0,    0)
          (   0,    0) (   0,    0) (   0,    0) (   0,    0) (   0,    0) (   0,    0) (   0,    0) (   0,    0) (   0,    0) (   0,    0)
          (   0,    0) (   0,    0) (   0,    0) (   0,    0) (   0,    0) (   0,    0) (   0,    0) (   0,    0) (   0,    0) (   0,    0)
          (   0,    0) (   0,    0) (   0,    0) (   0,    0) (   0,    0) (   0,    0) (   0,    0) (   0,    0) (   0,    0) (   0,    0)
          (   0,    0) (   0,    0) (   0,    0) (   0,    0) (   0,    0) (   0,    0) (   0,    0) (   0,    0) (   0,    0) (   0,    0)
          (   0,    0) (   0,    0) (   0,    0) (   0,    0) (   0,    0) (   0,    0) (   0,    0) (   0,    0) (   0,    0) (   0,    0)
          (   0,    0) (   0,    0) (   0,    0) (   0,    0) (   0,    0) (   0,    0) (   0,    0) (   0,    0) (   0,    0) (   0,    0)
          (   0,    0) (   0,    0) (   0,    0) (   0,    0) (   0,    0) (   0,    0) (   0,    0) (   0,    0) (   0,    0) (   0,    0)
          (   0,    0) (   0,    0) (   0,    0) (   0,    0) (   0,    0) (   0,    0) (   0,    0) (   0,    0) (   0,    0) (   0,    0)
          (   0,    0) (   0,    0) (   0,    0) (   0,    0) (   0,    0) (   0,    0) (   0,    0) (   0,    0) (   0,    0) (   0,    0)
          (   0,    0) (   0,    0) (   0,    0) (   0,    0) (   0,    0) (   0,    0) (   0,    0) (   0,    0) (   0,    0) (   0,    0)
          (   0,    0) (   0,    0) (   0,    0) (   0,    0) (   0,    0) (   0,    0) (   0,    0) (   0,    0) (   0,    0) (   0,    0)
          (   0,    0) (   0,    0) (   0,    0) (   0,    0) (   0,    0) (   0,    0) (   0,    0) (   0,    0) (   0,    0) (   0,    0)
          (   0,    0) (   0,    0) (   0,    0) (   0,    0) (   0,    0) (   0,    0) (   0,    0) (   0,    0) (   0,    0) (   0,    0)
          (   0,    0) (   0,    0) (   0,    0) (   0,    0) (   0,    0) (   0,    0) (   0,    0) (   0,    0) (   0,    0) (   0,    0)
          (   0,    0) (   0,    0) (   0,    0) (   0,    0) (   0,    0) (   0,    0) (   0,    0) (   0,    0) (   0,    0) (   0,    0)
          (   0,    0) (   0,    0) (   0,    0) (   0,    0) (   0,    0) (   0,    0) (   0,    0) (   0,    0) (   0,    0) (   0,    0)
          (   0,    0) (   0,    0) (   0,    0) (   0,    0) (   0,    0) (   0,    0) (   0,    0) (   0,    0) (   0,    0) (   0,    0)
          (   0,    0) (   0,    0) (   0,    0) (   0,    0) (   0,    0) (   0,    0) (   0,    0) (   0,    0) (   0,    0) (   0,    0)
          (   0,    0) (   0,    0) (   0,    0) (   0,    0) (   0,    0) (   0,    0) (   0,    0) (   0,    0) (   0,    0) (   0,    0)
          (   0,    0) (   0,    0) (   0,    0) (   0,    0) (   0,    0) (   0,    0) (   0,    0) (   0,    0) (   0,    0) (   0,    0)
          (   0,    0) (   0,    0) (   0,    0) (   0,    0) (   0,    0) (   0,    0) (   0,    0) (   0,    0) (   0,    0) (   0,    0)
          (   0,    0) (   0,    0) (   0,    0) (   0,    0) (   0,    0) (   0,    0) (   0,    0) (   0,    0) (   0,    0) (   0,    0)
          (   0,    0) (   0,    0) (   0,    0) (   0,    0) (   0,    0) (   0,    0) (   0,    0) (   0,    0) (   0,    0) (   0,    0)
          (   0,    0) (   0,    0) (   0,    0) (   0,    0) (   0,    0) (   0,    0) (   0,    0) (   0,    0) (   0,    0) (   0,    0)
          (   0,    0) (   0,    0) (   0,    0) (   0,    0) (   0,    0) (   0,    0) (   0,    0) (   0,    0) (   0,    0) (   0,    0)
          (   0,    0) (   0,    0) (   0,    0) (   0,    0) (   0,    0) (   0,    0) (   0,    0) (   0,    0) (   0,    0) (   0,    0)
          (   0,    0) (   0,    0) (   0,    0) (   0,    0) (   0,    0) (   0,    0) (   0,    0) (   0,    0) (   0,    0) (   0,    0)
          (   0,    0) (   0,    0) (   0,    0) (   0,    0) (   0,    0) (   0,    0) (   0,    0) (   0,    0) (   0,    0) (   0,    0)
          (   0,    0) (   0,    0) (   0,    0) (   0,    0) (   0,    0) (   0,    0) (   0,    0) (   0,    0) (   0,    0) (   0,    0)
          (   0,    0) (   0,    0) (   0,    0) (   0,    0) (   0,    0) (   0,    0) (   0,    0) (   0,    0) (   0,    0) (   0,    0)
          (   0,    0) (   0,    0) (   0,    0) (   0,    0) (   0,    0) (   0,    0) (   0,    0) (   0,    0) (   0,    0) (   0,    0)
          (   0,    0) (   0,    0) (   0,    0) (   0,    0) (   0,    0) (   0,    0) (   0,    0) (   0,    0) (   0,    0) (   0,    0)
          (   0,    0) (   0,    0) (   0,    0) (   0,    0) (   0,    0) (   0,    0) (   0,    0) (   0,    0) (   0,    0) (   0,    0)
          (   0,    0) (   0,    0) (   0,    0) (   0,    0) (   0,    0) (   0,    0) (   0,    0) (   0,    0) (   0,    0) (   0,    0)
          (   0,    0) (   0,    0) (   0,    0) (   0,    0) (   0,    0) (   0,    0) (   0,    0) (   0,    0) (   0,    0) (   0,    0)
          (   0,    0) (   0,    0) (   0,    0) (   0,    0) (   0,    0) (   0,    0) (   0,    0) (   0,    0) (   0,    0) (   0,    0)
          (   0,    0) (   0,    0) (   0,    0) (   0,    0) (   0,    0) (   0,    0) (   0,    0) (   0,    0) (   0,    0) (   0,    0)
          (   0,    0) (   0,    0) (   0,    0) (   0,    0) (   0,    0) (   0,    0) (   0,    0) (   0,    0) (   0,    0) (   0,    0)
          (   0,    0) (   0,    0) (   0,    0) (   0,    0) (   0,    0) (   0,    0) (   0,    0) (   0,    0) (   0,    0) (   0,    0)
          (   0,    0) (   0,    0) (   0,    0) (   0,    0) (   0,    0) (   0,    0) (   0,    0) (   0,    0) (   0,    0) (   0,    0)
          (   0,    0) (   0,    0) (   0,    0) (   0,    0) (   0,    0) (   0,    0) (   0,    0) (   0,    0) (   0,    0) (   0,    0)
          (   0,    0) (   0,    0) (   0,    0) (   0,    0) (   0,    0) (   0,    0) (   0,    0) (   0,    0) (   0,    0) (   0,    0)
          (   0,    0) (   0,    0) (   0,    0) (   0,    0) (   0,    0) (   0,    0) (   0,    0) (   0,    0) (   0,    0) (   0,    0)
          (   0,    0) (   0,    0) (   0,    0) (   0,    0) (   0,    0) (   0,    0) (   0,    0) (   0,    0) (   0,    0) (   0,    0)
          (   0,    0) (   0,    0) (   0,    0) (   0,    0) (   0,    0) (   0,    0) (   0,    0) (   0,    0) (   0,    0) (   0,    0)
          (   0,    0) (   0,    0) (   0,    0) (   0,    0) (   0,    0) (   0,    0) (   0,    0) (   0,    0) (   0,    0) (   0,    0)
          (   0,    0) (   0,    0) (   0,    0) (   0,    0) (   0,    0) (   0,    0) (   0,    0) (   0,    0) (   0,    0) (   0,    0)
          (   0,    0) (   0,    0) (   0,    0) (   0,    0) (   0,    0) (   0,    0) (   0,    0) (   0,    0) (   0,    0) (   0,    0)
          (   0,    0) (   0,    0) (   0,    0) (   0,    0) (   0,    0) (   0,    0) (   0,    0) (   0,    0) (   0,    0) (   0,    0)
          (   0,    0) (   0,    0) (   0,    0) (   0,    0) (   0,    0) (   0,    0) (   0,    0) (   0,    0) (   0,    0) (   0,    0)
          (   0,    0) (   0,    0) (   0,    0) (   0,    0) (   0,    0) (   0,    0) (   0,    0) (   0,    0) (   0,    0) (   0,    0)
          (   0,    0) (   0,    0) (   0,    0) (   0,    0) (   0,    0) (   0,    0) (   0,    0) (   0,    0) (   0,    0) (   0,    0)
          (   0,    0) (   0,    0) (   0,    0) (   0,    0) (   0,    0) (   0,    0) (   0,    0) (   0,    0) (   0,    0) (   0,    0)
          (   0,    0) (   0,    0) (   0,    0) (   0,    0) (   0,    0) (   0,    0) (   0,    0) (   0,    0) (   0,    0) (   0,    0)
          (   0,    0) (   0,    0) (   0,    0) (   0,    0) (   0,    0) (   0,    0) (   0,    0) (   0,    0) (   0,    0) (   0,    0)
          (   0,    0) (   0,    0) (   0,    0) (   0,    0) (   0,    0) (   0,    0) (   0,    0) (   0,    0) (   0,    0) (   0,    0)
          (   0,    0) (   0,    0) (   0,    0) (   0,    0) (   0,    0) (   0,    0) (   0,    0) (   0,    0) (   0,    0) (   0,    0)
         
node   6 sent_total    361  recv_total    783

node   7  (   0,    0) (   1,    0) (   0,    0) (   5,    2) (   5,    5) (   3,    3) (   4,    2) (   3,    3) (   4,    4) (   3,    5)
          (   4,    3) (   4,    1) (   4,    1) (   3,    1) (   4,    1) (   4,    1) (   3,    2) (   4,    3) (   3,    4) (   4,    3)
          (   4,    1) (   4,    1) (   3,    1) (   4,    1) (   4,    1) (   3,    2) (   4,    3) (   3,    4) (   4,    3) (   4,    1)
          (   4,    1) (   3,    1) (   4,    1) (   4,    1) (   3,    2) (   4,    3) (   3,    4) (   4,    3) (   4,    1) (   4,    1)
          (   3,    1) (   4,    1) (   4,    1) (   3,    2) (   4,    3) (   3,    4) (   4,    3) (   4,    1) (   4,    1) (   3,    1)
          (   4,    1) (   4,    1) (   3,    2) (   4,    3) (   3,    4) (   4,    3) (   4,    1) (   4,    1) (   3,    1) (   4,    1)
          (   4,    1) (   3,    2) (   4,    3) (   3,    4) (   4,    3) (   4,    1) (   4,    1) (   3,    1) (   4,    1) (   4,    1)
          (   3,    2) (   4,    3) (   3,    4) (   4,    3) (   4,    1) (   4,    1) (   3,    1) (   4,    1) (   4,    1) (   3,    2)
          (   4,    3) (   3,    4) (   4,    3) (   4,    1) (   4,    1) (   3,    1) (   4,    1) (   4,    1) (   3,    2) (   4,    3)
          (   3,    4) (   4,    3) (   4,    1) (   4,    1) (   3,    1) (   4,    1) (   4,    1) (   3,    2) (   4,    3) (   3,    4)
          (   4,    3) (   0,    0) (   0,    0) (   0,    0) (   0,    0) (   0,    0) (   0,    0) (   0,    0) (   0,    0) (   0,    0)
          (   0,    0) (   0,    0) (   0,    0) (   0,    0) (   0,    0) (   0,    0) (   0,    0) (   0,    0) (   0,    0) (   0,    0)
          (   0,    0) (   0,    0) (   0,    0) (   0,    0) (   0,    0) (   0,    0) (   0,    0) (   0,    0) (   0,    0) (   0,    0)
          (   0,    0) (   0,    0) (   0,    0) (   0,    0) (   0,    0) (   0,    0) (   0,    0) (   0,    0) (   0,    0) (   0,    0)
          (   0,    0) (   0,    0) (   0,    0) (   0,    0) (   0,    0) (   0,    0) (   0,    0) (   0,    0) (   0,    0) (   0,    0)
          (   0,    0) (   0,    0) (   0,    0) (   0,    0) (   0,    0) (   0,    0) (   0,    0) (   0,    0) (   0,    0) (   0,    0)
          (   0,    0) (   0,    0) (   0,    0) (   0,    0) (   0,    0) (   0,    0) (   0,    0) (   0,    0) (   0,    0) (   0,    0)
          (   0,    0) (   0,    0) (   0,    0) (   0,    0) (   0,    0) (   0,    0) (   0,    0) (   0,    0) (   0,    0) (   0,    0)
          (   0,    0) (   0,    0) (   0,    0) (   0,    0) (   0,    0) (   0,    0) (   0,    0) (   0,    0) (   0,    0) (   0,    0)
          (   0,    0) (   0,    0) (   0,    0) (   0,    0) (   0,    0) (   0,    0) (   0,    0) (   0,    0) (   0,    0) (   0,    0)
          (   0,    0) (   0,    0) (   0,    0) (   0,    0) (   0,    0) (   0,    0) (   0,    0) (   0,    0) (   0,    0) (   0,    0)
          (   0,    0) (   0,    0) (   0,    0) (   0,    0) (   0,    0) (   0,    0) (   0,    0) (   0,    0) (   0,    0) (   0,    0)
          (   0,    0) (   0,    0) (   0,    0) (   0,    0) (   0,    0) (   0,    0) (   0,    0) (   0,    0) (   0,    0) (   0,    0)
          (   0,    0) (   0,    0) (   0,    0) (   0,    0) (   0,    0) (   0,    0) (   0,    0) (   0,    0) (   0,    0) (   0,    0)
          (   0,    0) (   0,    0) (   0,    0) (   0,    0) (   0,    0) (   0,    0) (   0,    0) (   0,    0) (   0,    0) (   0,    0)
          (   0,    0) (   0,    0) (   0,    0) (   0,    0) (   0,    0) (   0,    0) (   0,    0) (   0,    0) (   0,    0) (   0,    0)
          (   0,    0) (   0,    0) (   0,    0) (   0,    0) (   0,    0) (   0,    0) (   0,    0) (   0,    0) (   0,    0) (   0,    0)
          (   0,    0) (   0,    0) (   0,    0) (   0,    0) (   0,    0) (   0,    0) (   0,    0) (   0,    0) (   0,    0) (   0,    0)
          (   0,    0) (   0,    0) (   0,    0) (   0,    0) (   0,    0) (   0,    0) (   0,    0) (   0,    0) (   0,    0) (   0,    0)
          (   0,    0) (   0,    0) (   0,    0) (   0,    0) (   0,    0) (   0,    0) (   0,    0) (   0,    0) (   0,    0) (   0,    0)
          (   0,    0) (   0,    0) (   0,    0) (   0,    0) (   0,    0) (   0,    0) (   0,    0) (   0,    0) (   0,    0) (   0,    0)
          (   0,    0) (   0,    0) (   0,    0) (   0,    0) (   0,    0) (   0,    0) (   0,    0) (   0,    0) (   0,    0) (   0,    0)
          (   0,    0) (   0,    0) (   0,    0) (   0,    0) (   0,    0) (   0,    0) (   0,    0) (   0,    0) (   0,    0) (   0,    0)
          (   0,    0) (   0,    0) (   0,    0) (   0,    0) (   0,    0) (   0,    0) (   0,    0) (   0,    0) (   0,    0) (   0,    0)
          (   0,    0) (   0,    0) (   0,    0) (   0,    0) (   0,    0) (   0,    0) (   0,    0) (   0,    0) (   0,    0) (   0,    0)
          (   0,    0) (   0,    0) (   0,    0) (   0,    0) (   0,    0) (   0,    0) (   0,    0) (   0,    0) (   0,    0) (   0,    0)
          (   0,    0) (   0,    0) (   0,    0) (   0,    0) (   0,    0) (   0,    0) (   0,    0) (   0,    0) (   0,    0) (   0,    0)
          (   0,    0) (   0,    0) (   0,    0) (   0,    0) (   0,    0) (   0,    0) (   0,    0) (   0,    0) (   0,    0) (   0,    0)
          (   0,    0) (   0,    0) (   0,    0) (   0,    0) (   0,    0) (   0,    0) (   0,    0) (   0,    0) (   0,    0) (   0,    0)
          (   0,    0) (   0,    0) (   0,    0) (   0,    0) (   0,    0) (   0,    0) (   0,    0) (   0,    0) (   0,    0) (   0,    0)
          (   0,    0) (   0,    0) (   0,    0) (   0,    0) (   0,    0) (   0,    0) (   0,    0) (   0,    0) (   0,    0) (   0,    0)
          (   0,    0) (   0,    0) (   0,    0) (   0,    0) (   0,    0) (   0,    0) (   0,    0) (   0,    0) (   0,    0) (   0,    0)
          (   0,    0) (   0,    0) (   0,    0) (   0,    0) (   0,    0) (   0,    0) (   0,    0) (   0,    0) (   0,    0) (   0,    0)
          (   0,    0) (   0,    0) (   0,    0) (   0,    0) (   0,    0) (   0,    0) (   0,    0) (   0,    0) (   0,    0) (   0,    0)
          (   0,    0) (   0,    0) (   0,    0) (   0,    0) (   0,    0) (   0,    0) (   0,    0) (   0,    0) (   0,    0) (   0,    0)
          (   0,    0) (   0,    0) (   0,    0) (   0,    0) (   0,    0) (   0,    0) (   0,    0) (   0,    0) (   0,    0) (   0,    0)
          (   0,    0) (   0,    0) (   0,    0) (   0,    0) (   0,    0) (   0,    0) (   0,    0) (   0,    0) (   0,    0) (   0,    0)
          (   0,    0) (   0,    0) (   0,    0) (   0,    0) (   0,    0) (   0,    0) (   0,    0) (   0,    0) (   0,    0) (   0,    0)
          (   0,    0) (   0,    0) (   0,    0) (   0,    0) (   0,    0) (   0,    0) (   0,    0) (   0,    0) (   0,    0) (   0,    0)
          (   0,    0) (   0,    0) (   0,    0) (   0,    0) (   0,    0) (   0,    0) (   0,    0) (   0,    0) (   0,    0) (   0,    0)
          (   0,    0) (   0,    0) (   0,    0) (   0,    0) (   0,    0) (   0,    0) (   0,    0) (   0,    0) (   0,    0) (   0,    0)
          (   0,    0) (   0,    0) (   0,    0) (   0,    0) (   0,    0) (   0,    0) (   0,    0) (   0,    0) (   0,    0) (   0,    0)
          (   0,    0) (   0,    0) (   0,    0) (   0,    0) (   0,    0) (   0,    0) (   0,    0) (   0,    0) (   0,    0) (   0,    0)
          (   0,    0) (   0,    0) (   0,    0) (   0,    0) (   0,    0) (   0,    0) (   0,    0) (   0,    0) (   0,    0) (   0,    0)
          (   0,    0) (   0,    0) (   0,    0) (   0,    0) (   0,    0) (   0,    0) (   0,    0) (   0,    0) (   0,    0) (   0,    0)
          (   0,    0) (   0,    0) (   0,    0) (   0,    0) (   0,    0) (   0,    0) (   0,    0) (   0,    0) (   0,    0) (   0,    0)
          (   0,    0) (   0,    0) (   0,    0) (   0,    0) (   0,    0) (   0,    0) (   0,    0) (   0,    0) (   0,    0) (   0,    0)
          (   0,    0) (   0,    0) (   0,    0) (   0,    0) (   0,    0) (   0,    0) (   0,    0) (   0,    0) (   0,    0) (   0,    0)
          (   0,    0) (   0,    0) (   0,    0) (   0,    0) (   0,    0) (   0,    0) (   0,    0) (   0,    0) (   0,    0) (   0,    0)
          (   0,    0) (   0,    0) (   0,    0) (   0,    0) (   0,    0) (   0,    0) (   0,    0) (   0,    0) (   0,    0) (   0,    0)
          (   0,    0) (   0,    0) (   0,    0) (   0,    0) (   0,    0) (   0,    0) (   0,    0) (   0,    0) (   0,    0) (   0,    0)
          (   0,    0) (   0,    0) (   0,    0) (   0,    0) (   0,    0) (   0,    0) (   0,    0) (   0,    0) (   0,    0) (   0,    0)
          (   0,    0) (   0,    0) (   0,    0) (   0,    0) (   0,    0) (   0,    0) (   0,    0) (   0,    0) (   0,    0) (   0,    0)
          (   0,    0) (   0,    0) (   0,    0) (   0,    0) (   0,    0) (   0,    0) (   0,    0) (   0,    0) (   0,    0) (   0,    0)
          (   0,    0) (   0,    0) (   0,    0) (   0,    0) (   0,    0) (   0,    0) (   0,    0) (   0,    0) (   0,    0) (   0,    0)
          (   0,    0) (   0,    0) (   0,    0) (   0,    0) (   0,    0) (   0,    0) (   0,    0) (   0,    0) (   0,    0) (   0,    0)
          (   0,    0) (   0,    0) (   0,    0) (   0,    0) (   0,    0) (   0,    0) (   0,    0) (   0,    0) (   0,    0) (   0,    0)
          (   0,    0) (   0,    0) (   0,    0) (   0,    0) (   0,    0) (   0,    0) (   0,    0) (   0,    0) (   0,    0) (   0,    0)
          (   0,    0) (   0,    0) (   0,    0) (   0,    0) (   0,    0) (   0,    0) (   0,    0) (   0,    0) (   0,    0) (   0,    0)
          (   0,    0) (   0,    0) (   0,    0) (   0,    0) (   0,    0) (   0,    0) (   0,    0) (   0,    0) (   0,    0) (   0,    0)
         
node   7 sent_total    362  recv_total    197

node   8  (   0,    0) (   1,    0) (   0,    0) (   5,    1) (   3,    2) (   4,    7) (   4,    7) (   3,    6) (   4,    7) (   3,    7)
          (   4,    7) (   4,    7) (   4,    7) (   3,    7) (   4,    7) (   4,    7) (   3,    7) (   4,    8) (   3,    8) (   4,    7)
          (   4,    7) (   4,    7) (   3,    7) (   4,    7) (   4,    7) (   3,    7) (   4,    8) (   3,    8) (   4,    7) (   4,    7)
          (   4,    7) (   3,    7) (   4,    7) (   4,    7) (   3,    7) (   4,    8) (   3,    8) (   4,    7) (   4,    7) (   4,    7)
          (   3,    7) (   4,    7) (   4,    7) (   3,    7) (   4,    8) (   3,    8) (   4,    7) (   4,    7) (   4,    7) (   3,    7)
          (   4,    7) (   4,    7) (   3,    7) (   4,    8) (   3,    8) (   4,    7) (   4,    7) (   4,    7) (   3,    7) (   4,    7)
          (   4,    7) (   3,    7) (   4,    8) (   3,    8) (   4,    7) (   4,    7) (   4,    7) (   3,    7) (   4,    7) (   4,    7)
          (   3,    7) (   4,    8) (   3,    8) (   4,    7) (   4,    7) (   4,    7) (   3,    7) (   4,    7) (   4,    7) (   3,    7)
          (   4,    8) (   3,    8) (   4,    7) (   4,    7) (   4,    7) (   3,    7) (   4,    7) (   4,    7) (   3,    7) (   4,    8)
          (   3,    8) (   4,    7) (   4,    7) (   4,    7) (   3,    7) (   4,    7) (   4,    7) (   3,    7) (   4,    8) (   3,    8)
          (   4,    7) (   0,    0) (   0,    0) (   0,    0) (   0,    0) (   0,    0) (   0,    0) (   0,    0) (   0,    0) (   0,    0)
          (   0,    0) (   0,    0) (   0,    0) (   0,    0) (   0,    0) (   0,    0) (   0,    0) (   0,    0) (   0,    0) (   0,    0)
          (   0,    0) (   0,    0) (   0,    0) (   0,    0) (   0,    0) (   0,    0) (   0,    0) (   0,    0) (   0,    0) (   0,    0)
          (   0,    0) (   0,    0) (   0,    0) (   0,    0) (   0,    0) (   0,    0) (   0,    0) (   0,    0) (   0,    0) (   0,    0)
          (   0,    0) (   0,    0) (   0,    0) (   0,    0) (   0,    0) (   0,    0) (   0,    0) (   0,    0) (   0,    0) (   0,    0)
          (   0,    0) (   0,    0) (   0,    0) (   0,    0) (   0,    0) (   0,    0) (   0,    0) (   0,    0) (   0,    0) (   0,    0)
          (   0,    0) (   0,    0) (   0,    0) (   0,    0) (   0,    0) (   0,    0) (   0,    0) (   0,    0) (   0,    0) (   0,    0)
          (   0,    0) (   0,    0) (   0,    0) (   0,    0) (   0,    0) (   0,    0) (   0,    0) (   0,    0) (   0,    0) (   0,    0)
          (   0,    0) (   0,    0) (   0,    0) (   0,    0) (   0,    0) (   0,    0) (   0,    0) (   0,    0) (   0,    0) (   0,    0)
          (   0,    0) (   0,    0) (   0,    0) (   0,    0) (   0,    0) (   0,    0) (   0,    0) (   0,    0) (   0,    0) (   0,    0)
          (   0,    0) (   0,    0) (   0,    0) (   0,    0) (   0,    0) (   0,    0) (   0,    0) (   0,    0) (   0,    0) (   0,    0)
          (   0,    0) (   0,    0) (   0,    0) (   0,    0) (   0,    0) (   0,    0) (   0,    0) (   0,    0) (   0,    0) (   0,    0)
          (   0,    0) (   0,    0) (   0,    0) (   0,    0) (   0,    0) (   0,    0) (   0,    0) (   0,    0) (   0,    0) (   0,    0)
          (   0,    0) (   0,    0) (   0,    0) (   0,    0) (   0,    0) (   0,    0) (   0,    0) (   0,    0) (   0,    0) (   0,    0)
          (   0,    0) (   0,    0) (   0,    0) (   0,    0) (   0,    0) (   0,    0) (   0,    0) (   0,    0) (   0,    0) (   0,    0)
          (   0,    0) (   0,    0) (   0,    0) (   0,    0) (   0,    0) (   0,    0) (   0,    0) (   0,    0) (   0,    0) (   0,    0)
          (   0,    0) (   0,    0) (   0,    0) (   0,    0) (   0,    0) (   0,    0) (   0,    0) (   0,    0) (   0,    0) (   0,    0)
          (   0,    0) (   0,    0) (   0,    0) (   0,    0) (   0,    0) (   0,    0) (   0,    0) (   0,    0) (   0,    0) (   0,    0)
          (   0,    0) (   0,    0) (   0,    0) (   0,    0) (   0,    0) (   0,    0) (   0,    0) (   0,    0) (   0,    0) (   0,    0)
          (   0,    0) (   0,    0) (   0,    0) (   0,    0) (   0,    0) (   0,    0) (   0,    0) (   0,    0) (   0,    0) (   0,    0)
          (   0,    0) (   0,    0) (   0,    0) (   0,    0) (   0,    0) (   0,    0) (   0,    0) (   0,    0) (   0,    0) (   0,    0)
          (   0,    0) (   0,    0) (   0,    0) (   0,    0) (   0,    0) (   0,    0) (   0,    0) (   0,    0) (   0,    0) (   0,    0)
          (   0,    0) (   0,    0) (   0,    0) (   0,    0) (   0,    0) (   0,    0) (   0,    0) (   0,    0) (   0,    0) (   0,    0)
          (   0,    0) (   0,    0) (   0,    0) (   0,    0) (   0,    0) (   0,    0) (   0,    0) (   0,    0) (   0,    0) (   0,    0)
          (   0,    0) (   0,    0) (   0,    0) (   0,    0) (   0,    0) (   0,    0) (   0,    0) (   0,    0) (   0,    0) (   0,    0)
          (   0,    0) (   0,    0) (   0,    0) (   0,    0) (   0,    0) (   0,    0) (   0,    0) (   0,    0) (   0,    0) (   0,    0)
          (   0,    0) (   0,    0) (   0,    0) (   0,    0) (   0,    0) (   0,    0) (   0,    0) (   0,    0) (   0,    0) (   0,    0)
          (   0,    0) (   0,    0) (   0,    0) (   0,    0) (   0,    0) (   0,    0) (   0,    0) (   0,    0) (   0,    0) (   0,    0)
          (   0,    0) (   0,    0) (   0,    0) (   0,    0) (   0,    0) (   0,    0) (   0,    0) (   0,    0) (   0,    0) (   0,    0)
          (   0,    0) (   0,    0) (   0,    0) (   0,    0) (   0,    0) (   0,    0) (   0,    0) (   0,    0) (   0,    0) (   0,    0)
          (   0,    0) (   0,    0) (   0,    0) (   0,    0) (   0,    0) (   0,    0) (   0,    0) (   0,    0) (   0,    0) (   0,    0)
          (   0,    0) (   0,    0) (   0,    0) (   0,    0) (   0,    0) (   0,    0) (   0,    0) (   0,    0) (   0,    0) (   0,    0)
          (   0,    0) (   0,    0) (   0,    0) (   0,    0) (   0,    0) (   0,    0) (   0,    0) (   0,    0) (   0,    0) (   0,    0)
          (   0,    0) (   0,    0) (   0,    0) (   0,    0) (   0,    0) (   0,    0) (   0,    0) (   0,    0) (   0,    0) (   0,    0)
          (   0,    0) (   0,    0) (   0,    0) (   0,    0) (   0,    0) (   0,    0) (   0,    0) (   0,    0) (   0,    0) (   0,    0)
          (   0,    0) (   0,    0) (   0,    0) (   0,    0) (   0,    0) (   0,    0) (   0,    0) (   0,    0) (   0,    0) (   0,    0)
          (   0,    0) (   0,    0) (   0,    0) (   0,    0) (   0,    0) (   0,    0) (   0,    0) (   0,    0) (   0,    0) (   0,    0)
          (   0,    0) (   0,    0) (   0,    0) (   0,    0) (   0,    0) (   0,    0) (   0,    0) (   0,    0) (   0,    0) (   0,    0)
          (   0,    0) (   0,    0) (   0,    0) (   0,    0) (   0,    0) (   0,    0) (   0,    0) (   0,    0) (   0,    0) (   0,    0)
          (   0,    0) (   0,    0) (   0,    0) (   0,    0) (   0,    0) (   0,    0) (   0,    0) (   0,    0) (   0,    0) (   0,    0)
          (   0,    0) (   0,    0) (   0,    0) (   0,    0) (   0,    0) (   0,    0) (   0,    0) (   0,    0) (   0,    0) (   0,    0)
          (   0,    0) (   0,    0) (   0,    0) (   0,    0) (   0,    0) (   0,    0) (   0,    0) (   0,    0) (   0,    0) (   0,    0)
          (   0,    0) (   0,    0) (   0,    0) (   0,    0) (   0,    0) (   0,    0) (   0,    0) (   0,    0) (   0,    0) (   0,    0)
          (   0,    0) (   0,    0) (   0,    0) (   0,    0) (   0,    0) (   0,    0) (   0,    0) (   0,    0) (   0,    0) (   0,    0)
          (   0,    0) (   0,    0) (   0,    0) (   0,    0) (   0,    0) (   0,    0) (   0,    0) (   0,    0) (   0,    0) (   0,    0)
          (   0,    0) (   0,    0) (   0,    0) (   0,    0) (   0,    0) (   0,    0) (   0,    0) (   0,    0) (   0,    0) (   0,    0)
          (   0,    0) (   0,    0) (   0,    0) (   0,    0) (   0,    0) (   0,    0) (   0,    0) (   0,    0) (   0,    0) (   0,    0)
          (   0,    0) (   0,    0) (   0,    0) (   0,    0) (   0,    0) (   0,    0) (   0,    0) (   0,    0) (   0,    0) (   0,    0)
          (   0,    0) (   0,    0) (   0,    0) (   0,    0) (   0,    0) (   0,    0) (   0,    0) (   0,    0) (   0,    0) (   0,    0)
          (   0,    0) (   0,    0) (   0,    0) (   0,    0) (   0,    0) (   0,    0) (   0,    0) (   0,    0) (   0,    0) (   0,    0)
          (   0,    0) (   0,    0) (   0,    0) (   0,    0) (   0,    0) (   0,    0) (   0,    0) (   0,    0) (   0,    0) (   0,    0)
          (   0,    0) (   0,    0) (   0,    0) (   0,    0) (   0,    0) (   0,    0) (   0,    0) (   0,    0) (   0,    0) (   0,    0)
          (   0,    0) (   0,    0) (   0,    0) (   0,    0) (   0,    0) (   0,    0) (   0,    0) (   0,    0) (   0,    0) (   0,    0)
          (   0,    0) (   0,    0) (   0,    0) (   0,    0) (   0,    0) (   0,    0) (   0,    0) (   0,    0) (   0,    0) (   0,    0)
          (   0,    0) (   0,    0) (   0,    0) (   0,    0) (   0,    0) (   0,    0) (   0,    0) (   0,    0) (   0,    0) (   0,    0)
          (   0,    0) (   0,    0) (   0,    0) (   0,    0) (   0,    0) (   0,    0) (   0,    0) (   0,    0) (   0,    0) (   0,    0)
          (   0,    0) (   0,    0) (   0,    0) (   0,    0) (   0,    0) (   0,    0) (   0,    0) (   0,    0) (   0,    0) (   0,    0)
          (   0,    0) (   0,    0) (   0,    0) (   0,    0) (   0,    0) (   0,    0) (   0,    0) (   0,    0) (   0,    0) (   0,    0)
          (   0,    0) (   0,    0) (   0,    0) (   0,    0) (   0,    0) (   0,    0) (   0,    0) (   0,    0) (   0,    0) (   0,    0)
          (   0,    0) (   0,    0) (   0,    0) (   0,    0) (   0,    0) (   0,    0) (   0,    0) (   0,    0) (   0,    0) (   0,    0)
         
node   8 sent_total    361  recv_total    694

node   9  (   0,    0) (   0,    0) (   1,    0) (   0,    0) (   3,    1) (   4,    0) (   3,    0) (   4,    0) (   4,    0) (   4,    1)
          (   3,    3) (   4,    4) (   4,    1) (   4,    0) (   3,    0) (   4,    0) (   4,    0) (   3,    0) (   4,    1) (   3,    3)
          (   4,    4) (   4,    1) (   4,    0) (   3,    0) (   4,    0) (   4,    0) (   3,    0) (   4,    1) (   3,    3) (   4,    4)
          (   4,    1) (   4,    0) (   3,    0) (   4,    0) (   4,    0) (   3,    0) (   4,    1) (   3,    3) (   4,    4) (   4,    1)
          (   4,    0) (   3,    0) (   4,    0) (   4,    0) (   3,    0) (   4,    1) (   3,    3) (   4,    4) (   4,    1) (   4,    0)
          (   3,    0) (   4,    0) (   4,    0) (   3,    0) (   4,    1) (   3,    3) (   4,    4) (   4,    1) (   4,    0) (   3,    0)
          (   4,    0) (   4,    0) (   3,    0) (   4,    1) (   3,    3) (   4,    4) (   4,    1) (   4,    0) (   3,    0) (   4,    0)
          (   4,    0) (   3,    0) (   4,    1) (   3,    3) (   4,    4) (   4,    1) (   4,    0) (   3,    0) (   4,    0) (   4,    0)
          (   3,    0) (   4,    1) (   3,    3) (   4,    4) (   4,    1) (   4,    0) (   3,    0) (   4,    0) (   4,    0) (   3,    0)
          (   4,    1) (   3,    3) (   4,    4) (   4,    1) (   4,    0) (   3,    0) (   4,    0) (   4,    0) (   3,    0) (   4,    1)
          (   3,    3) (   0,    0) (   0,    0) (   0,    0) (   0,    0) (   0,    0) (   0,    0) (   0,    0) (   0,    0) (   0,    0)
          (   0,    0) (   0,    0) (   0,    0) (   0,    0) (   0,    0) (   0,    0) (   0,    0) (   0,    0) (   0,    0) (   0,    0)
          (   0,    0) (   0,    0) (   0,    0) (   0,    0) (   0,    0) (   0,    0) (   0,    0) (   0,    0) (   0,    0) (   0,    0)
          (   0,    0) (   0,    0) (   0,    0) (   0,    0) (   0,    0) (   0,    0) (   0,    0) (   0,    0) (   0,    0) (   0,    0)
          (   0,    0) (   0,    0) (   0,    0) (   0,    0) (   0,    0) (   0,    0) (   0,    0) (   0,    0) (   0,    0) (   0,    0)
          (   0,    0) (   0,    0) (   0,    0) (   0,    0) (   0,    0) (   0,    0) (   0,    0) (   0,    0) (   0,    0) (   0,    0)
          (   0,    0) (   0,    0) (   0,    0) (   0,    0) (   0,    0) (   0,    0) (   0,    0) (   0,    0) (   0,    0) (   0,    0)
          (   0,    0) (   0,    0) (   0,    0) (   0,    0) (   0,    0) (   0,    0) (   0,    0) (   0,    0) (   0,    0) (   0,    0)
          (   0,    0) (   0,    0) (   0,    0) (   0,    0) (   0,    0) (   0,    0) (   0,    0) (   0,    0) (   0,    0) (   0,    0)
          (   0,    0) (   0,    0) (   0,    0) (   0,    0) (   0,    0) (   0,    0) (   0,    0) (   0,    0) (   0,    0) (   0,    0)
          (   0,    0) (   0,    0) (   0,    0) (   0,    0) (   0,    0) (   0,    0) (   0,    0) (   0,    0) (   0,    0) (   0,    0)
          (   0,    0) (   0,    0) (   0,    0) (   0,    0) (   0,    0) (   0,    0) (   0,    0) (   0,    0) (   0,    0) (   0,    0)
          (   0,    0) (   0,    0) (   0,    0) (   0,    0) (   0,    0) (   0,    0) (   0,    0) (   0,    0) (   0,    0) (   0,    0)
          (   0,    0) (   0,    0) (   0,    0) (   0,    0) (   0,    0) (   0,    0) (   0,    0) (   0,    0) (   0,    0) (   0,    0)
          (   0,    0) (   0,    0) (   0,    0) (   0,    0) (   0,    0) (   0,    0) (   0,    0) (   0,    0) (   0,    0) (   0,    0)
          (   0,    0) (   0,    0) (   0,    0) (   0,    0) (   0,    0) (   0,    0) (   0,    0) (   0,    0) (   0,    0) (   0,    0)
          (   0,    0) (   0,    0) (   0,    0) (   0,    0) (   0,    0) (   0,    0) (   0,    0) (   0,    0) (   0,    0) (   0,    0)
          (   0,    0) (   0,    0) (   0,    0) (   0,    0) (   0,    0) (   0,    0) (   0,    0) (   0,    0) (   0,    0) (   0,    0)
          (   0,    0) (   0,    0) (   0,    0) (   0,    0) (   0,    0) (   0,    0) (   0,    0) (   0,    0) (   0,    0) (   0,    0)
          (   0,    0) (   0,    0) (   0,    0) (   0,    0) (   0,    0) (   0,    0) (   0,    0) (   0,    0) (   0,    0) (   0,    0)
          (   0,    0) (   0,    0) (   0,    0) (   0,    0) (   0,    0) (   0,    0) (   0,    0) (   0,    0) (   0,    0) (   0,    0)
          (   0,    0) (   0,    0) (   0,    0) (   0,    0) (   0,    0) (   0,    0) (   0,    0) (   0,    0) (   0,    0) (   0,    0)
          (   0,    0) (   0,    0) (   0,    0) (   0,    0) (   0,    0) (   0,    0) (   0,    0) (   0,    0) (   0,    0) (   0,    0)
          (   0,    0) (   0,    0) (   0,    0) (   0,    0) (   0,    0) (   0,    0) (   0,    0) (   0,    0) (   0,    0) (   0,    0)
          (   0,    0) (   0,    0) (   0,    0) (   0,    0) (   0,    0) (   0,    0) (   0,    0) (   0,    0) (   0,    0) (   0,    0)
          (   0,    0) (   0,    0) (   0,    0) (   0,    0) (   0,    0) (   0,    0) (   0,    0) (   0,    0) (   0,    0) (   0,    0)
          (   0,    0) (   0,    0) (   0,    0) (   0,    0) (   0,    0) (   0,    0) (   0,    0) (   0,    0) (   0,    0) (   0,    0)
          (   0,    0) (   0,    0) (   0,    0) (   0,    0) (   0,    0) (   0,    0) (   0,    0) (   0,    0) (   0,    0) (   0,    0)
          (   0,    0) (   0,    0) (   0,    0) (   0,    0) (   0,    0) (   0,    0) (   0,    0) (   0,    0) (   0,    0) (   0,    0)
          (   0,    0) (   0,    0) (   0,    0) (   0,    0) (   0,    0) (   0,    0) (   0,    0) (   0,    0) (   0,    0) (   0,    0)
          (   0,    0) (   0,    0) (   0,    0) (   0,    0) (   0,    0) (   0,    0) (   0,    0) (   0,    0) (   0,    0) (   0,    0)
          (   0,    0) (   0,    0) (   0,    0) (   0,    0) (   0,    0) (   0,    0) (   0,    0) (   0,    0) (   0,    0) (   0,    0)
          (   0,    0) (   0,    0) (   0,    0) (   0,    0) (   0,    0) (   0,    0) (   0,    0) (   0,    0) (   0,    0) (   0,    0)
          (   0,    0) (   0,    0) (   0,    0) (   0,    0) (   0,    0) (   0,    0) (   0,    0) (   0,    0) (   0,    0) (   0,    0)
          (   0,    0) (   0,    0) (   0,    0) (   0,    0) (   0,    0) (   0,    0) (   0,    0) (   0,    0) (   0,    0) (   0,    0)
          (   0,    0) (   0,    0) (   0,    0) (   0,    0) (   0,    0) (   0,    0) (   0,    0) (   0,    0) (   0,    0) (   0,    0)
          (   0,    0) (   0,    0) (   0,    0) (   0,    0) (   0,    0) (   0,    0) (   0,    0) (   0,    0) (   0,    0) (   0,    0)
          (   0,    0) (   0,    0) (   0,    0) (   0,    0) (   0,    0) (   0,    0) (   0,    0) (   0,    0) (   0,    0) (   0,    0)
          (   0,    0) (   0,    0) (   0,    0) (   0,    0) (   0,    0) (   0,    0) (   0,    0) (   0,    0) (   0,    0) (   0,    0)
          (   0,    0) (   0,    0) (   0,    0) (   0,    0) (   0,    0) (   0,    0) (   0,    0) (   0,    0) (   0,    0) (   0,    0)
          (   0,    0) (   0,    0) (   0,    0) (   0,    0) (   0,    0) (   0,    0) (   0,    0) (   0,    0) (   0,    0) (   0,    0)
          (   0,    0) (   0,    0) (   0,    0) (   0,    0) (   0,    0) (   0,    0) (   0,    0) (   0,    0) (   0,    0) (   0,    0)
          (   0,    0) (   0,    0) (   0,    0) (   0,    0) (   0,    0) (   0,    0) (   0,    0) (   0,    0) (   0,    0) (   0,    0)
          (   0,    0) (   0,    0) (   0,    0) (   0,    0) (   0,    0) (   0,    0) (   0,    0) (   0,    0) (   0,    0) (   0,    0)
          (   0,    0) (   0,    0) (   0,    0) (   0,    0) (   0,    0) (   0,    0) (   0,    0) (   0,    0) (   0,    0) (   0,    0)
          (   0,    0) (   0,    0) (   0,    0) (   0,    0) (   0,    0) (   0,    0) (   0,    0) (   0,    0) (   0,    0) (   0,    0)
          (   0,    0) (   0,    0) (   0,    0) (   0,    0) (   0,    0) (   0,    0) (   0,    0) (   0,    0) (   0,    0) (   0,    0)
          (   0,    0) (   0,    0) (   0,    0) (   0,    0) (   0,    0) (   0,    0) (   0,    0) (   0,    0) (   0,    0) (   0,    0)
          (   0,    0) (   0,    0) (   0,    0) (   0,    0) (   0,    0) (   0,    0) (   0,    0) (   0,    0) (   0,    0) (   0,    0)
          (   0,    0) (   0,    0) (   0,    0) (   0,    0) (   0,    0) (   0,    0) (   0,    0) (   0,    0) (   0,    0) (   0,    0)
          (   0,    0) (   0,    0) (   0,    0) (   0,    0) (   0,    0) (   0,    0) (   0,    0) (   0,    0) (   0,    0) (   0,    0)
          (   0,    0) (   0,    0) (   0,    0) (   0,    0) (   0,    0) (   0,    0) (   0,    0) (   0,    0) (   0,    0) (   0,    0)
          (   0,    0) (   0,    0) (   0,    0) (   0,    0) (   0,    0) (   0,    0) (   0,    0) (   0,    0) (   0,    0) (   0,    0)
          (   0,    0) (   0,    0) (   0,    0) (   0,    0) (   0,    0) (   0,    0) (   0,    0) (   0,    0) (   0,    0) (   0,    0)
          (   0,    0) (   0,    0) (   0,    0) (   0,    0) (   0,    0) (   0,    0) (   0,    0) (   0,    0) (   0,    0) (   0,    0)
          (   0,    0) (   0,    0) (   0,    0) (   0,    0) (   0,    0) (   0,    0) (   0,    0) (   0,    0) (   0,    0) (   0,    0)
          (   0,    0) (   0,    0) (   0,    0) (   0,    0) (   0,    0) (   0,    0) (   0,    0) (   0,    0) (   0,    0) (   0,    0)
          (   0,    0) (   0,    0) (   0,    0) (   0,    0) (   0,    0) (   0,    0) (   0,    0) (   0,    0) (   0,    0) (   0,    0)
          (   0,    0) (   0,    0) (   0,    0) (   0,    0) (   0,    0) (   0,    0) (   0,    0) (   0,    0) (   0,    0) (   0,    0)
          (   0,    0) (   0,    0) (   0,    0) (   0,    0) (   0,    0) (   0,    0) (   0,    0) (   0,    0) (   0,    0) (   0,    0)
         
node   9 sent_total    356  recv_total     95

node  10  (   0,    0) (   0,    0) (   1,    0) (   0,    0) (   4,    1) (   3,    0) (   4,    0) (   4,    0) (   3,    0) (   4,    0)
          (   3,    1) (   4,    3) (   4,    4) (   4,    1) (   3,    0) (   4,    0) (   4,    0) (   3,    0) (   4,    0) (   3,    1)
          (   4,    3) (   4,    4) (   4,    1) (   3,    0) (   4,    0) (   4,    0) (   3,    0) (   4,    0) (   3,    1) (   4,    3)
          (   4,    4) (   4,    1) (   3,    0) (   4,    0) (   4,    0) (   3,    0) (   4,    0) (   3,    1) (   4,    3) (   4,    4)
          (   4,    1) (   3,    0) (   4,    0) (   4,    0) (   3,    0) (   4,    0) (   3,    1) (   4,    3) (   4,    4) (   4,    1)
          (   3,    0) (   4,    0) (   4,    0) (   3,    0) (   4,    0) (   3,    1) (   4,    3) (   4,    4) (   4,    1) (   3,    0)
          (   4,    0) (   4,    0) (   3,    0) (   4,    0) (   3,    1) (   4,    3) (   4,    4) (   4,    1) (   3,    0) (   4,    0)
          (   4,    0) (   3,    0) (   4,    0) (   3,    1) (   4,    3) (   4,    4) (   4,    1) (   3,    0) (   4,    0) (   4,    0)
          (   3,    0) (   4,    0) (   3,    1) (   4,    3) (   4,    4) (   4,    1) (   3,    0) (   4,    0) (   4,    0) (   3,    0)
          (   4,    0) (   3,    1) (   4,    3) (   4,    4) (   4,    1) (   3,    0) (   4,    0) (   4,    0) (   3,    0) (   4,    0)
          (   3,    1) (   4,    3) (   4,    0) (   4,    0) (   3,    0) (   4,    0) (   4,    0) (   3,    0) (   4,    0) (   3,    1)
          (   4,    3) (   4,    0) (   4,    0) (   3,    0) (   4,    0) (   4,    0) (   3,    0) (   4,    0) (   3,    1) (   4,    3)
          (   4,    0) (   4,    0) (   3,    0) (   4,    0) (   4,    0) (   3,    0) (   4,    0) (   3,    0) (   4,    0) (   4,    0)
          (   3,    0) (   3,    0) (   4,    0) (   3,    0) (   3,    0) (   3,    0) (   4,    0) (   3,    0) (   3,    0) (   3,    0)
          (   4,    0) (   3,    0) (   3,    0) (   3,    0) (   0,    0) (   0,    0) (   0,    0) (   0,    0) (   0,    0) (   0,    0)
          (   0,    0) (   0,    0) (   0,    0) (   0,    0) (   0,    0) (   0,    0) (   0,    0) (   0,    0) (   0,    0) (   0,    0)
          (   0,    0) (   0,    0) (   0,    0) (   0,    0) (   0,    0) (   0,    0) (   0,    0) (   0,    0) (   0,    0) (   0,    0)
          (   0,    0) (   0,    0) (   0,    0) (   0,    0) (   0,    0) (   0,    0) (   0,    0) (   0,    0) (   0,    0) (   0,    0)
          (   0,    0) (   0,    0) (   0,    0) (   0,    0) (   0,    0) (   0,    0) (   0,    0) (   0,    0) (   0,    0) (   0,    0)
          (   0,    0) (   0,    0) (   0,    0) (   0,    0) (   0,    0) (   0,    0) (   0,    0) (   0,    0) (   0,    0) (   0,    0)
          (   0,    0) (   0,    0) (   0,    0) (   0,    0) (   0,    0) (   0,    0) (   0,    0) (   0,    0) (   0,    0) (   0,    0)
          (   0,    0) (   0,    0) (   0,    0) (   0,    0) (   0,    0) (   0,    0) (   0,    0) (   0,    0) (   0,    0) (   0,    0)
          (   0,    0) (   0,    0) (   0,    0) (   0,    0) (   0,    0) (   0,    0) (   0,    0) (   0,    0) (   0,    0) (   0,    0)
          (   0,    0) (   0,    0) (   0,    0) (   0,    0) (   0,    0) (   0,    0) (   0,    0) (   0,    0) (   0,    0) (   0,    0)
          (   0,    0) (   0,    0) (   0,    0) (   0,    0) (   0,    0) (   0,    0) (   0,    0) (   0,    0) (   0,    0) (   0,    0)
          (   0,    0) (   0,    0) (   0,    0) (   0,    0) (   0,    0) (   0,    0) (   0,    0) (   0,    0) (   0,    0) (   0,    0)
          (   0,    0) (   0,    0) (   0,    0) (   0,    0) (   0,    0) (   0,    0) (   0,    0) (   0,    0) (   0,    0) (   0,    0)
          (   0,    0) (   0,    0) (   0,    0) (   0,    0) (   0,    0) (   0,    0) (   0,    0) (   0,    0) (   0,    0) (   0,    0)
          (   0,    0) (   0,    0) (   0,    0) (   0,    0) (   0,    0) (   0,    0) (   0,    0) (   0,    0) (   0,    0) (   0,    0)
          (   0,    0) (   0,    0) (   0,    0) (   0,    0) (   0,    0) (   0,    0) (   0,    0) (   0,    0) (   0,    0) (   0,    0)
          (   0,    0) (   0,    0) (   0,    0) (   0,    0) (   0,    0) (   0,    0) (   0,    0) (   0,    0) (   0,    0) (   0,    0)
          (   0,    0) (   0,    0) (   0,    0) (   0,    0) (   0,    0) (   0,    0) (   0,    0) (   0,    0) (   0,    0) (   0,    0)
          (   0,    0) (   0,    0) (   0,    0) (   0,    0) (   0,    0) (   0,    0) (   0,    0) (   0,    0) (   0,    0) (   0,    0)
          (   0,    0) (   0,    0) (   0,    0) (   0,    0) (   0,    0) (   0,    0) (   0,    0) (   0,    0) (   0,    0) (   0,    0)
          (   0,    0) (   0,    0) (   0,    0) (   0,    0) (   0,    0) (   0,    0) (   0,    0) (   0,    0) (   0,    0) (   0,    0)
          (   0,    0) (   0,    0) (   0,    0) (   0,    0) (   0,    0) (   0,    0) (   0,    0) (   0,    0) (   0,    0) (   0,    0)
          (   0,    0) (   0,    0) (   0,    0) (   0,    0) (   0,    0) (   0,    0) (   0,    0) (   0,    0) (   0,    0) (   0,    0)
          (   0,    0) (   0,    0) (   0,    0) (   0,    0) (   0,    0) (   0,    0) (   0,    0) (   0,    0) (   0,    0) (   0,    0)
          (   0,    0) (   0,    0) (   0,    0) (   0,    0) (   0,    0) (   0,    0) (   0,    0) (   0,    0) (   0,    0) (   0,    0)
          (   0,    0) (   0,    0) (   0,    0) (   0,    0) (   0,    0) (   0,    0) (   0,    0) (   0,    0) (   0,    0) (   0,    0)
          (   0,    0) (   0,    0) (   0,    0) (   0,    0) (   0,    0) (   0,    0) (   0,    0) (   0,    0) (   0,    0) (   0,    0)
          (   0,    0) (   0,    0) (   0,    0) (   0,    0) (   0,    0) (   0,    0) (   0,    0) (   0,    0) (   0,    0) (   0,    0)
          (   0,    0) (   0,    0) (   0,    0) (   0,    0) (   0,    0) (   0,    0) (   0,    0) (   0,    0) (   0,    0) (   0,    0)
          (   0,    0) (   0,    0) (   0,    0) (   0,    0) (   0,    0) (   0,    0) (   0,    0) (   0,    0) (   0,    0) (   0,    0)
          (   0,    0) (   0,    0) (   0,    0) (   0,    0) (   0,    0) (   0,    0) (   0,    0) (   0,    0) (   0,    0) (   0,    0)
          (   0,    0) (   0,    0) (   0,    0) (   0,    0) (   0,    0) (   0,    0) (   0,    0) (   0,    0) (   0,    0) (   0,    0)
          (   0,    0) (   0,    0) (   0,    0) (   0,    0) (   0,    0) (   0,    0) (   0,    0) (   0,    0) (   0,    0) (   0,    0)
          (   0,    0) (   0,    0) (   0,    0) (   0,    0) (   0,    0) (   0,    0) (   0,    0) (   0,    0) (   0,    0) (   0,    0)
          (   0,    0) (   0,    0) (   0,    0) (   0,    0) (   0,    0) (   0,    0) (   0,    0) (   0,    0) (   0,    0) (   0,    0)
          (   0,    0) (   0,    0) (   0,    0) (   0,    0) (   0,    0) (   0,    0) (   0,    0) (   0,    0) (   0,    0) (   0,    0)
          (   0,    0) (   0,    0) (   0,    0) (   0,    0) (   0,    0) (   0,    0) (   0,    0) (   0,    0) (   0,    0) (   0,    0)
          (   0,    0) (   0,    0) (   0,    0) (   0,    0) (   0,    0) (   0,    0) (   0,    0) (   0,    0) (   0,    0) (   0,    0)
          (   0,    0) (   0,    0) (   0,    0) (   0,    0) (   0,    0) (   0,    0) (   0,    0) (   0,    0) (   0,    0) (   0,    0)
          (   0,    0) (   0,    0) (   0,    0) (   0,    0) (   0,    0) (   0,    0) (   0,    0) (   0,    0) (   0,    0) (   0,    0)
          (   0,    0) (   0,    0) (   0,    0) (   0,    0) (   0,    0) (   0,    0) (   0,    0) (   0,    0) (   0,    0) (   0,    0)
          (   0,    0) (   0,    0) (   0,    0) (   0,    0) (   0,    0) (   0,    0) (   0,    0) (   0,    0) (   0,    0) (   0,    0)
          (   0,    0) (   0,    0) (   0,    0) (   0,    0) (   0,    0) (   0,    0) (   0,    0) (   0,    0) (   0,    0) (   0,    0)
          (   0,    0) (   0,    0) (   0,    0) (   0,    0) (   0,    0) (   0,    0) (   0,    0) (   0,    0) (   0,    0) (   0,    0)
          (   0,    0) (   0,    0) (   0,    0) (   0,    0) (   0,    0) (   0,    0) (   0,    0) (   0,    0) (   0,    0) (   0,    0)
          (   0,    0) (   0,    0) (   0,    0) (   0,    0) (   0,    0) (   0,    0) (   0,    0) (   0,    0) (   0,    0) (   0,    0)
          (   0,    0) (   0,    0) (   0,    0) (   0,    0) (   0,    0) (   0,    0) (   0,    0) (   0,    0) (   0,    0) (   0,    0)
          (   0,    0) (   0,    0) (   0,    0) (   0,    0) (   0,    0) (   0,    0) (   0,    0) (   0,    0) (   0,    0) (   0,    0)
          (   0,    0) (   0,    0) (   0,    0) (   0,    0) (   0,    0) (   0,    0) (   0,    0) (   0,    0) (   0,    0) (   0,    0)
          (   0,    0) (   0,    0) (   0,    0) (   0,    0) (   0,    0) (   0,    0) (   0,    0) (   0,    0) (   0,    0) (   0,    0)
          (   0,    0) (   0,    0) (   0,    0) (   0,    0) (   0,    0) (   0,    0) (   0,    0) (   0,    0) (   0,    0) (   0,    0)
          (   0,    0) (   0,    0) (   0,    0) (   0,    0) (   0,    0) (   0,    0) (   0,    0) (   0,    0) (   0,    0) (   0,    0)
          (   0,    0) (   0,    0) (   0,    0) (   0,    0) (   0,    0) (   0,    0) (   0,    0) (   0,    0) (   0,    0) (   0,    0)
          (   0,    0) (   0,    0) (   0,    0) (   0,    0) (   0,    0) (   0,    0) (   0,    0) (   0,    0) (   0,    0) (   0,    0)
          (   0,    0) (   0,    0) (   0,    0) (   0,    0) (   0,    0) (   0,    0) (   0,    0) (   0,    0) (   0,    0) (   0,    0)
          (   0,    0) (   0,    0) (   0,    0) (   0,    0) (   0,    0) (   0,    0) (   0,    0) (   0,    0) (   0,    0) (   0,    0)
         
node  10 sent_total    508  recv_total    103

